GowinSynthesis start
Running parser ...
Analyzing Verilog file 'H:\nestang\nestang-25k\src\MicroCode.v'
Analyzing Verilog file 'H:\nestang\nestang-25k\src\apu.v'
Analyzing Verilog file 'H:\nestang\nestang-25k\src\autofire.v'
WARN  (EX3786) : Assignment to input 'out'("H:\nestang\nestang-25k\src\autofire.v":20)
WARN  (EX3786) : Assignment to input 'out'("H:\nestang\nestang-25k\src\autofire.v":24)
WARN  (EX3786) : Assignment to input 'out'("H:\nestang\nestang-25k\src\autofire.v":28)
Analyzing Verilog file 'H:\nestang\nestang-25k\src\compat.v'
Analyzing Verilog file 'H:\nestang\nestang-25k\src\config.sv'
Analyzing Verilog file 'H:\nestang\nestang-25k\src\cpu.v'
Analyzing Verilog file 'H:\nestang\nestang-25k\src\dualshock_controller.v'
Analyzing Verilog file 'H:\nestang\nestang-25k\src\game_loader.v'
Analyzing Verilog file 'H:\nestang\nestang-25k\src\gowin_clkdiv\gowin_clkdiv.v'
Analyzing Verilog file 'H:\nestang\nestang-25k\src\gowin_pll\gowin_pll.v'
Analyzing Verilog file 'H:\nestang\nestang-25k\src\gowin_rpll_usb.v'
Analyzing Verilog file 'H:\nestang\nestang-25k\src\hdmi\gowin_pll\gowin_pll_hdmi.v'
Analyzing Verilog file 'H:\nestang\nestang-25k\src\hdmi2\audio_clock_regeneration_packet.sv'
WARN  (EX2478) : Non-net output port 'clk_audio_counter_wrap' cannot be initialized at declaration in SystemVerilog mode("H:\nestang\nestang-25k\src\hdmi2\audio_clock_regeneration_packet.sv":13)
Analyzing Verilog file 'H:\nestang\nestang-25k\src\hdmi2\audio_info_frame.sv'
Analyzing Verilog file 'H:\nestang\nestang-25k\src\hdmi2\audio_sample_packet.sv'
Analyzing Verilog file 'H:\nestang\nestang-25k\src\hdmi2\auxiliary_video_information_info_frame.sv'
Analyzing Verilog file 'H:\nestang\nestang-25k\src\hdmi2\hdmi.sv'
WARN  (EX2478) : Non-net output port 'cx' cannot be initialized at declaration in SystemVerilog mode("H:\nestang\nestang-25k\src\hdmi2\hdmi.sv":81)
WARN  (EX2478) : Non-net output port 'cy' cannot be initialized at declaration in SystemVerilog mode("H:\nestang\nestang-25k\src\hdmi2\hdmi.sv":82)
Analyzing Verilog file 'H:\nestang\nestang-25k\src\hdmi2\packet_assembler.sv'
WARN  (EX2478) : Non-net output port 'counter' cannot be initialized at declaration in SystemVerilog mode("H:\nestang\nestang-25k\src\hdmi2\packet_assembler.sv":11)
Analyzing Verilog file 'H:\nestang\nestang-25k\src\hdmi2\packet_picker.sv'
Analyzing Verilog file 'H:\nestang\nestang-25k\src\hdmi2\serializer.sv'
WARN  (EX3182) : Initial value of parameter 'VIDEO_RATE' is omitted("H:\nestang\nestang-25k\src\hdmi2\serializer.sv":4)
Analyzing Verilog file 'H:\nestang\nestang-25k\src\hdmi2\source_product_description_info_frame.sv'
Analyzing Verilog file 'H:\nestang\nestang-25k\src\hdmi2\tmds_channel.sv'
WARN  (EX2478) : Non-net output port 'tmds' cannot be initialized at declaration in SystemVerilog mode("H:\nestang\nestang-25k\src\hdmi2\tmds_channel.sv":16)
Analyzing Verilog file 'H:\nestang\nestang-25k\src\hw_sound.v'
Analyzing Verilog file 'H:\nestang\nestang-25k\src\hw_uart.v'
WARN  (EX3182) : Initial value of parameter 'CLKS_PER_BIT' is omitted("H:\nestang\nestang-25k\src\hw_uart.v":23)
WARN  (EX3801) : Parameter 's_IDLE' becomes localparam in 'uart_rx' with formal parameter declaration list("H:\nestang\nestang-25k\src\hw_uart.v":31)
WARN  (EX3801) : Parameter 's_RX_START_BIT' becomes localparam in 'uart_rx' with formal parameter declaration list("H:\nestang\nestang-25k\src\hw_uart.v":32)
WARN  (EX3801) : Parameter 's_RX_DATA_BITS' becomes localparam in 'uart_rx' with formal parameter declaration list("H:\nestang\nestang-25k\src\hw_uart.v":33)
WARN  (EX3801) : Parameter 's_RX_STOP_BIT' becomes localparam in 'uart_rx' with formal parameter declaration list("H:\nestang\nestang-25k\src\hw_uart.v":34)
WARN  (EX3801) : Parameter 's_CLEANUP' becomes localparam in 'uart_rx' with formal parameter declaration list("H:\nestang\nestang-25k\src\hw_uart.v":35)
Analyzing Verilog file 'H:\nestang\nestang-25k\src\memory_controller.v'
Analyzing included file 'H:\nestang\nestang-25k\src\nes_tang25k.vh'("H:\nestang\nestang-25k\src\memory_controller.v":42)
Back to file 'H:\nestang\nestang-25k\src\memory_controller.v'("H:\nestang\nestang-25k\src\memory_controller.v":42)
Analyzing Verilog file 'H:\nestang\nestang-25k\src\mmu.v'
Analyzing Verilog file 'H:\nestang\nestang-25k\src\nes.v'
Analyzing Verilog file 'H:\nestang\nestang-25k\src\nes2hdmi.sv'
Undeclared symbol 'tmdsClk', assumed default net type 'wire'("H:\nestang\nestang-25k\src\nes2hdmi.sv":255)
Analyzing Verilog file 'H:\nestang\nestang-25k\src\nes_tang25k.v'
Analyzing included file 'H:\nestang\nestang-25k\src\nes_tang25k.vh'("H:\nestang\nestang-25k\src\nes_tang25k.v":65)
Back to file 'H:\nestang\nestang-25k\src\nes_tang25k.v'("H:\nestang\nestang-25k\src\nes_tang25k.v":65)
Undeclared symbol 'clk_sdram', assumed default net type 'wire'("H:\nestang\nestang-25k\src\nes_tang25k.v":89)
Analyzing included file 'H:\nestang\nestang-25k\src\print.v'("H:\nestang\nestang-25k\src\nes_tang25k.v":401)
Back to file 'H:\nestang\nestang-25k\src\nes_tang25k.v'("H:\nestang\nestang-25k\src\nes_tang25k.v":401)
Analyzing Verilog file 'H:\nestang\nestang-25k\src\ppu.v'
Analyzing Verilog file 'H:\nestang\nestang-25k\src\sd_file_list_reader.v'
Analyzing Verilog file 'H:\nestang\nestang-25k\src\sd_loader.v'
Analyzing included file 'H:\nestang\nestang-25k\src\font.vh'("H:\nestang\nestang-25k\src\sd_loader.v":34)
Back to file 'H:\nestang\nestang-25k\src\sd_loader.v'("H:\nestang\nestang-25k\src\sd_loader.v":34)
Undeclared symbol 'debug_active', assumed default net type 'wire'("H:\nestang\nestang-25k\src\sd_loader.v":53)
Analyzing Verilog file 'H:\nestang\nestang-25k\src\sd_reader.sv'
Analyzing Verilog file 'H:\nestang\nestang-25k\src\sdcmd_ctrl.sv'
Analyzing Verilog file 'H:\nestang\nestang-25k\src\sdram.v'
Analyzing Verilog file 'H:\nestang\nestang-25k\src\uart_tx_V2.v'
Analyzing Verilog file 'H:\nestang\nestang-25k\src\usb_hid_host.v'
Analyzing Verilog file 'H:\nestang\nestang-25k\src\usb_hid_host_rom.v'
WARN  (EX3073) : Port 'loader_state' remains unconnected for this instance("H:\nestang\nestang-25k\src\nes_tang25k.v":208)
WARN  (EX3073) : Port 'conerr' remains unconnected for this instance("H:\nestang\nestang-25k\src\nes_tang25k.v":384)
WARN  (EX3073) : Port 'conerr' remains unconnected for this instance("H:\nestang\nestang-25k\src\nes_tang25k.v":396)
Compiling module 'NES_Tang25k'("H:\nestang\nestang-25k\src\nes_tang25k.v":8)
WARN  (EX3791) : Expression size 64 truncated to fit in target size 32("H:\nestang\nestang-25k\src\config.sv":47)
Extracting RAM for identifier 'print_seq'("H:\nestang\nestang-25k\src\print.v":6)
WARN  (EX3791) : Expression size 32 truncated to fit in target size 8("H:\nestang\nestang-25k\src\nes_tang25k.v":71)
Compiling module 'Gowin_PLL'("H:\nestang\nestang-25k\src\gowin_pll\gowin_pll.v":10)
Compiling module 'Gowin_CLKDIV'("H:\nestang\nestang-25k\src\gowin_clkdiv\gowin_clkdiv.v":10)
Compiling module 'UartDemux(FREQ=25000000,BAUDRATE=921600)'("H:\nestang\nestang-25k\src\hw_uart.v":194)
Compiling module 'uart_rx(CLKS_PER_BIT=27)'("H:\nestang\nestang-25k\src\hw_uart.v":22)
WARN  (EX3791) : Expression size 9 truncated to fit in target size 8("H:\nestang\nestang-25k\src\hw_uart.v":88)
WARN  (EX3791) : Expression size 9 truncated to fit in target size 8("H:\nestang\nestang-25k\src\hw_uart.v":99)
WARN  (EX3791) : Expression size 4 truncated to fit in target size 3("H:\nestang\nestang-25k\src\hw_uart.v":110)
WARN  (EX3791) : Expression size 9 truncated to fit in target size 8("H:\nestang\nestang-25k\src\hw_uart.v":128)
Compiling module 'GameLoader'("H:\nestang\nestang-25k\src\game_loader.v":5)
WARN  (EX3791) : Expression size 5 truncated to fit in target size 4("H:\nestang\nestang-25k\src\game_loader.v":56)
WARN  (EX3791) : Expression size 32 truncated to fit in target size 22("H:\nestang\nestang-25k\src\game_loader.v":65)
WARN  (EX3791) : Expression size 23 truncated to fit in target size 22("H:\nestang\nestang-25k\src\game_loader.v":66)
WARN  (EX3791) : Expression size 9 truncated to fit in target size 8("H:\nestang\nestang-25k\src\game_loader.v":88)
WARN  (EX3791) : Expression size 5 truncated to fit in target size 4("H:\nestang\nestang-25k\src\nes_tang25k.v":234)
Compiling module 'NES'("H:\nestang\nestang-25k\src\nes.v":123)
WARN  (EX3791) : Expression size 3 truncated to fit in target size 2("H:\nestang\nestang-25k\src\nes.v":160)
Compiling module 'CPU'("H:\nestang\nestang-25k\src\cpu.v":173)
Compiling module 'AddressGenerator'("H:\nestang\nestang-25k\src\cpu.v":107)
Compiling module 'MicroCodeTable'("H:\nestang\nestang-25k\src\MicroCode.v":2060)
Extracting RAM for identifier 'A'("H:\nestang\nestang-25k\src\MicroCode.v":2063)
Extracting RAM for identifier 'B'("H:\nestang\nestang-25k\src\MicroCode.v":2064)
Compiling module 'MicroCodeTableInner'("H:\nestang\nestang-25k\src\MicroCode.v":1)
Extracting RAM for identifier 'L'("H:\nestang\nestang-25k\src\MicroCode.v":2)
Compiling module 'NewAlu'("H:\nestang\nestang-25k\src\cpu.v":32)
Compiling module 'MyAddSub'("H:\nestang\nestang-25k\src\cpu.v":6)
Compiling module 'MUXCY_L'("H:\nestang\nestang-25k\src\compat.v":6)
Compiling module 'MUXCY_D'("H:\nestang\nestang-25k\src\compat.v":9)
Compiling module 'MUXCY'("H:\nestang\nestang-25k\src\compat.v":3)
Compiling module 'XORCY'("H:\nestang\nestang-25k\src\compat.v":13)
Compiling module 'XOR2'("H:\nestang\nestang-25k\src\compat.v":16)
Compiling module 'ProgramCounter'("H:\nestang\nestang-25k\src\cpu.v":149)
Compiling module 'DmaController'("H:\nestang\nestang-25k\src\nes.v":46)
Compiling module 'APU'("H:\nestang\nestang-25k\src\apu.v":624)
Compiling module 'LenCtr_Lookup'("H:\nestang\nestang-25k\src\apu.v":4)
Compiling module 'SquareChan'("H:\nestang\nestang-25k\src\apu.v":46)
WARN  (EX3791) : Expression size 32 truncated to fit in target size 3("H:\nestang\nestang-25k\src\apu.v":134)
WARN  (EX3791) : Expression size 32 truncated to fit in target size 12("H:\nestang\nestang-25k\src\apu.v":136)
WARN  (EX3791) : Expression size 32 truncated to fit in target size 8("H:\nestang\nestang-25k\src\apu.v":141)
WARN  (EX3791) : Expression size 32 truncated to fit in target size 3("H:\nestang\nestang-25k\src\apu.v":151)
WARN  (EX3791) : Expression size 32 truncated to fit in target size 4("H:\nestang\nestang-25k\src\apu.v":167)
WARN  (EX3791) : Expression size 32 truncated to fit in target size 4("H:\nestang\nestang-25k\src\apu.v":169)
WARN  (EX3670) : Actual bit length 32 differs from formal bit length 1 for port 'sq2'("H:\nestang\nestang-25k\src\apu.v":678)
WARN  (EX3670) : Actual bit length 32 differs from formal bit length 1 for port 'sq2'("H:\nestang\nestang-25k\src\apu.v":679)
Compiling module 'TriangleChan'("H:\nestang\nestang-25k\src\apu.v":198)
WARN  (EX3791) : Expression size 32 truncated to fit in target size 11("H:\nestang\nestang-25k\src\apu.v":255)
WARN  (EX3791) : Expression size 32 truncated to fit in target size 8("H:\nestang\nestang-25k\src\apu.v":260)
WARN  (EX3791) : Expression size 32 truncated to fit in target size 7("H:\nestang\nestang-25k\src\apu.v":268)
WARN  (EX3791) : Expression size 6 truncated to fit in target size 5("H:\nestang\nestang-25k\src\apu.v":279)
Compiling module 'NoiseChan'("H:\nestang\nestang-25k\src\apu.v":287)
WARN  (EX3791) : Expression size 32 truncated to fit in target size 12("H:\nestang\nestang-25k\src\apu.v":374)
WARN  (EX3791) : Expression size 32 truncated to fit in target size 8("H:\nestang\nestang-25k\src\apu.v":378)
WARN  (EX3791) : Expression size 32 truncated to fit in target size 4("H:\nestang\nestang-25k\src\apu.v":389)
WARN  (EX3791) : Expression size 32 truncated to fit in target size 4("H:\nestang\nestang-25k\src\apu.v":393)
Compiling module 'DmcChan'("H:\nestang\nestang-25k\src\apu.v":405)
Extracting RAM for identifier 'NewPeriod'("H:\nestang\nestang-25k\src\apu.v":432)
WARN  (EX3791) : Expression size 32 truncated to fit in target size 9("H:\nestang\nestang-25k\src\apu.v":515)
WARN  (EX3791) : Expression size 4 truncated to fit in target size 3("H:\nestang\nestang-25k\src\apu.v":526)
WARN  (EX3791) : Expression size 16 truncated to fit in target size 15("H:\nestang\nestang-25k\src\apu.v":536)
WARN  (EX3791) : Expression size 32 truncated to fit in target size 12("H:\nestang\nestang-25k\src\apu.v":537)
WARN  (EX3791) : Expression size 17 truncated to fit in target size 16("H:\nestang\nestang-25k\src\apu.v":718)
Compiling module 'ApuLookupTable'("H:\nestang\nestang-25k\src\apu.v":552)
Extracting RAM for identifier 'lookup'("H:\nestang\nestang-25k\src\apu.v":553)
Compiling module 'PPU'("H:\nestang\nestang-25k\src\ppu.v":465)
Compiling module 'ClockGen'("H:\nestang\nestang-25k\src\ppu.v":99)
WARN  (EX3791) : Expression size 10 truncated to fit in target size 9("H:\nestang\nestang-25k\src\ppu.v":129)
WARN  (EX3791) : Expression size 10 truncated to fit in target size 9("H:\nestang\nestang-25k\src\ppu.v":142)
Compiling module 'LoopyGen'("H:\nestang\nestang-25k\src\ppu.v":5)
WARN  (EX3791) : Expression size 6 truncated to fit in target size 5("H:\nestang\nestang-25k\src\ppu.v":37)
WARN  (EX3791) : Expression size 4 truncated to fit in target size 3("H:\nestang\nestang-25k\src\ppu.v":43)
WARN  (EX3791) : Expression size 6 truncated to fit in target size 5("H:\nestang\nestang-25k\src\ppu.v":49)
WARN  (EX3791) : Expression size 16 truncated to fit in target size 15("H:\nestang\nestang-25k\src\ppu.v":90)
Compiling module 'BgPainter'("H:\nestang\nestang-25k\src\ppu.v":387)
Compiling module 'SpriteRAM'("H:\nestang\nestang-25k\src\ppu.v":216)
Extracting RAM for identifier 'sprtemp'("H:\nestang\nestang-25k\src\ppu.v":229)
Extracting RAM for identifier 'oam'("H:\nestang\nestang-25k\src\ppu.v":230)
WARN  (EX3791) : Expression size 4 truncated to fit in target size 3("H:\nestang\nestang-25k\src\ppu.v":307)
Compiling module 'SpriteAddressGen'("H:\nestang\nestang-25k\src\ppu.v":336)
Compiling module 'SpriteSet'("H:\nestang\nestang-25k\src\ppu.v":187)
Compiling module 'Sprite'("H:\nestang\nestang-25k\src\ppu.v":153)
Compiling module 'PixelMuxer'("H:\nestang\nestang-25k\src\ppu.v":442)
Compiling module 'PaletteRam'("H:\nestang\nestang-25k\src\ppu.v":450)
Extracting RAM for identifier 'palette'("H:\nestang\nestang-25k\src\ppu.v":451)
WARN  (EX2526) : Entry size 8 at H:/nestang/nestang-25k/src/oam_palette.txt:1 does not match memory width 6("H:\nestang\nestang-25k\src\ppu.v":453)
WARN  (EX3858) : System task 'write' is ignored for synthesis("H:\nestang\nestang-25k\src\ppu.v":656)
Compiling module 'MultiMapper'("H:\nestang\nestang-25k\src\mmu.v":1556)
Compiling module 'MMC0'("H:\nestang\nestang-25k\src\mmu.v":5)
Compiling module 'MMC1'("H:\nestang\nestang-25k\src\mmu.v":25)
Compiling module 'Mapper28'("H:\nestang\nestang-25k\src\mmu.v":947)
Compiling module 'MMC2'("H:\nestang\nestang-25k\src\mmu.v":136)
Compiling module 'MMC3'("H:\nestang\nestang-25k\src\mmu.v":253)
WARN  (EX3791) : Expression size 32 truncated to fit in target size 8("H:\nestang\nestang-25k\src\mmu.v":287)
Compiling module 'MMC5'("H:\nestang\nestang-25k\src\mmu.v":397)
Extracting RAM for identifier 'expansion_ram'("H:\nestang\nestang-25k\src\mmu.v":437)
WARN  (EX3791) : Expression size 7 truncated to fit in target size 6("H:\nestang\nestang-25k\src\mmu.v":542)
WARN  (EX3858) : System task 'write' is ignored for synthesis("H:\nestang\nestang-25k\src\mmu.v":691)
WARN  (EX3858) : System task 'write' is ignored for synthesis("H:\nestang\nestang-25k\src\mmu.v":694)
Compiling module 'Mapper13'("H:\nestang\nestang-25k\src\mmu.v":858)
Compiling module 'Mapper15'("H:\nestang\nestang-25k\src\mmu.v":884)
Compiling module 'Mapper34'("H:\nestang\nestang-25k\src\mmu.v":1074)
Compiling module 'Mapper41'("H:\nestang\nestang-25k\src\mmu.v":1120)
Compiling module 'Mapper66'("H:\nestang\nestang-25k\src\mmu.v":1041)
Compiling module 'Mapper68'("H:\nestang\nestang-25k\src\mmu.v":1157)
Compiling module 'Mapper69'("H:\nestang\nestang-25k\src\mmu.v":1222)
Compiling module 'Mapper71'("H:\nestang\nestang-25k\src\mmu.v":1314)
Compiling module 'Mapper79'("H:\nestang\nestang-25k\src\mmu.v":1360)
Compiling module 'Mapper228'("H:\nestang\nestang-25k\src\mmu.v":1450)
Compiling module 'Mapper234'("H:\nestang\nestang-25k\src\mmu.v":1484)
Compiling module 'Rambo1'("H:\nestang\nestang-25k\src\mmu.v":714)
WARN  (EX3791) : Expression size 3 truncated to fit in target size 2("H:\nestang\nestang-25k\src\mmu.v":771)
WARN  (EX3791) : Expression size 32 truncated to fit in target size 8("H:\nestang\nestang-25k\src\mmu.v":809)
Compiling module 'NesEvent'("H:\nestang\nestang-25k\src\mmu.v":1392)
WARN  (EX3791) : Expression size 31 truncated to fit in target size 30("H:\nestang\nestang-25k\src\mmu.v":1420)
WARN  (EX3858) : System task 'write' is ignored for synthesis("H:\nestang\nestang-25k\src\mmu.v":1423)
Compiling module 'MemoryMultiplex'("H:\nestang\nestang-25k\src\nes.v":96)
Compiling module 'MemoryController'("H:\nestang\nestang-25k\src\memory_controller.v":11)
Compiling module 'sdram(FREQ=25000000)'("H:\nestang\nestang-25k\src\sdram.v":27)
WARN  (EX3791) : Expression size 16 truncated to fit in target size 15("H:\nestang\nestang-25k\src\sdram.v":275)
WARN  (EX3791) : Expression size 21 truncated to fit in target size 20("H:\nestang\nestang-25k\src\memory_controller.v":91)
WARN  (EX3073) : Port 'screen_width' remains unconnected for this instance("H:\nestang\nestang-25k\src\nes2hdmi.sv":259)
Compiling module 'nes2hdmi'("H:\nestang\nestang-25k\src\nes2hdmi.sv":8)
WARN  (EX3780) : Using initial value of 'asp8x7_on' since it is never assigned("H:\nestang\nestang-25k\src\nes2hdmi.sv":33)
Extracting RAM for identifier 'mem'("H:\nestang\nestang-25k\src\nes2hdmi.sv":51)
WARN  (EX3791) : Expression size 9 truncated to fit in target size 8("H:\nestang\nestang-25k\src\nes2hdmi.sv":107)
WARN  (EX3791) : Expression size 9 truncated to fit in target size 8("H:\nestang\nestang-25k\src\nes2hdmi.sv":108)
WARN  (EX3791) : Expression size 6 truncated to fit in target size 5("H:\nestang\nestang-25k\src\nes2hdmi.sv":207)
WARN  (EX3791) : Expression size 9 truncated to fit in target size 8("H:\nestang\nestang-25k\src\nes2hdmi.sv":214)
Compiling module 'hdmi(VIDEO_ID_CODE=4,VIDEO_REFRESH_RATE=60.0,AUDIO_RATE=48000)'("H:\nestang\nestang-25k\src\hdmi2\hdmi.sv":4)
Compiling module 'packet_picker(VIDEO_RATE=74250000.0,IT_CONTENT=1'b1,AUDIO_BIT_WIDTH=16,AUDIO_RATE=48000,VENDOR_NAME=64'b0101010101101110011010110110111001101111011101110110111000000000,PRODUCT_DESCRIPTION=128'b01000110010100000100011101000001000000000000000000000000000000000000000000000000000000000000000000000000000000000000000000000000,SOURCE_DEVICE_INFORMATION=8'b00000000)'("H:\nestang\nestang-25k\src\hdmi2\packet_picker.sv":4)
Extracting RAM for identifier 'audio_sample_word_buffer'("H:\nestang\nestang-25k\src\hdmi2\packet_picker.sv":80)
Compiling module 'audio_clock_regeneration_packet(VIDEO_RATE=74250000.0,AUDIO_RATE=48000)'("H:\nestang\nestang-25k\src\hdmi2\audio_clock_regeneration_packet.sv":5)
Compiling module 'audio_sample_packet(SAMPLING_FREQUENCY=4'b0010,WORD_LENGTH=4'b0010)'("H:\nestang\nestang-25k\src\hdmi2\audio_sample_packet.sv":8)
WARN  (EX3780) : Using initial value of 'CHANNEL_LEFT' since it is never assigned("H:\nestang\nestang-25k\src\hdmi2\audio_sample_packet.sv":63)
WARN  (EX3780) : Using initial value of 'CHANNEL_RIGHT' since it is never assigned("H:\nestang\nestang-25k\src\hdmi2\audio_sample_packet.sv":64)
Compiling module 'auxiliary_video_information_info_frame(IT_CONTENT=1'b1,VIDEO_ID_CODE=32'sb00000000000000000000000000000100)'("H:\nestang\nestang-25k\src\hdmi2\auxiliary_video_information_info_frame.sv":5)
Compiling module 'source_product_description_info_frame(VENDOR_NAME=64'b0101010101101110011010110110111001101111011101110110111000000000,PRODUCT_DESCRIPTION=128'b01000110010100000100011101000001000000000000000000000000000000000000000000000000000000000000000000000000000000000000000000000000,SOURCE_DEVICE_INFORMATION=8'b00000000)'("H:\nestang\nestang-25k\src\hdmi2\source_product_description_info_frame.sv":5)
Compiling module 'audio_info_frame'("H:\nestang\nestang-25k\src\hdmi2\audio_info_frame.sv":5)
WARN  (EX1998) : Net 'headers[255][23]' does not have a driver("H:\nestang\nestang-25k\src\hdmi2\packet_picker.sv":29)
WARN  (EX1998) : Net 'subs[255][3][55]' does not have a driver("H:\nestang\nestang-25k\src\hdmi2\packet_picker.sv":30)
Compiling module 'packet_assembler'("H:\nestang\nestang-25k\src\hdmi2\packet_assembler.sv":4)
Compiling module 'tmds_channel'("H:\nestang\nestang-25k\src\hdmi2\tmds_channel.sv":4)
Compiling module 'tmds_channel(CN=1)'("H:\nestang\nestang-25k\src\hdmi2\tmds_channel.sv":4)
Compiling module 'tmds_channel(CN=2)'("H:\nestang\nestang-25k\src\hdmi2\tmds_channel.sv":4)
Compiling module 'serializer(VIDEO_RATE=74250000.0)'("H:\nestang\nestang-25k\src\hdmi2\serializer.sv":1)
WARN  (EX1998) : Net 'ONE_THIRD[768][7]' does not have a driver("H:\nestang\nestang-25k\src\nes2hdmi.sv":38)
WARN  (EX3073) : Port 'file_found' remains unconnected for this instance("H:\nestang\nestang-25k\src\sd_loader.v":97)
Compiling module 'SDLoader(FREQ=25000000)'("H:\nestang\nestang-25k\src\sd_loader.v":5)
WARN  (EX3791) : Expression size 32 truncated to fit in target size 5("H:\nestang\nestang-25k\src\sd_loader.v":40)
WARN  (EX3791) : Expression size 5 truncated to fit in target size 1("H:\nestang\nestang-25k\src\sd_loader.v":53)
Compiling module 'sd_file_list_reader(CLK_DIV=3'd1)'("H:\nestang\nestang-25k\src\sd_file_list_reader.v":15)
WARN  (EX3791) : Expression size 3 truncated to fit in target size 1("H:\nestang\nestang-25k\src\sd_file_list_reader.v":103)
Compiling module 'sd_reader(CLK_DIV=3'b001)'("H:\nestang\nestang-25k\src\sd_reader.sv":12)
Compiling module 'sdcmd_ctrl'("H:\nestang\nestang-25k\src\sdcmd_ctrl.sv":10)
WARN  (EX3791) : Expression size 13 truncated to fit in target size 12("H:\nestang\nestang-25k\src\sd_file_list_reader.v":482)
WARN  (EX3670) : Actual bit length 1 differs from formal bit length 3 for port 'done'("H:\nestang\nestang-25k\src\sd_loader.v":91)
WARN  (EX3791) : Expression size 9 truncated to fit in target size 8("H:\nestang\nestang-25k\src\sd_loader.v":107)
WARN  (EX3791) : Expression size 9 truncated to fit in target size 8("H:\nestang\nestang-25k\src\sd_loader.v":108)
WARN  (EX3791) : Expression size 32 truncated to fit in target size 8("H:\nestang\nestang-25k\src\sd_loader.v":109)
WARN  (EX3791) : Expression size 32 truncated to fit in target size 8("H:\nestang\nestang-25k\src\sd_loader.v":110)
WARN  (EX3791) : Expression size 32 truncated to fit in target size 8("H:\nestang\nestang-25k\src\sd_loader.v":129)
WARN  (EX3791) : Expression size 32 truncated to fit in target size 5("H:\nestang\nestang-25k\src\sd_loader.v":150)
WARN  (EX3791) : Expression size 6 truncated to fit in target size 5("H:\nestang\nestang-25k\src\sd_loader.v":152)
WARN  (EX3791) : Expression size 13 truncated to fit in target size 12("H:\nestang\nestang-25k\src\sd_loader.v":154)
WARN  (EX3791) : Expression size 32 truncated to fit in target size 12("H:\nestang\nestang-25k\src\sd_loader.v":158)
WARN  (EX3791) : Expression size 12 truncated to fit in target size 11("H:\nestang\nestang-25k\src\sd_loader.v":165)
WARN  (EX3791) : Expression size 9 truncated to fit in target size 8("H:\nestang\nestang-25k\src\sd_loader.v":174)
WARN  (EX3791) : Expression size 32 truncated to fit in target size 23("H:\nestang\nestang-25k\src\sd_loader.v":206)
WARN  (EX3791) : Expression size 12 truncated to fit in target size 8("H:\nestang\nestang-25k\src\sd_loader.v":230)
WARN  (EX3791) : Expression size 8 truncated to fit in target size 7("H:\nestang\nestang-25k\src\nes_tang25k.v":338)
Compiling module 'dualshock_controller'("H:\nestang\nestang-25k\src\dualshock_controller.v":36)
Compiling module 'ps_pls_gan'("H:\nestang\nestang-25k\src\dualshock_controller.v":477)
WARN  (EX3791) : Expression size 13 truncated to fit in target size 12("H:\nestang\nestang-25k\src\dualshock_controller.v":523)
WARN  (EX3791) : Expression size 5 truncated to fit in target size 4("H:\nestang\nestang-25k\src\dualshock_controller.v":588)
Compiling module 'txd_commnd'("H:\nestang\nestang-25k\src\dualshock_controller.v":245)
Compiling module 'ps_txd'("H:\nestang\nestang-25k\src\dualshock_controller.v":628)
Compiling module 'ps_rxd'("H:\nestang\nestang-25k\src\dualshock_controller.v":603)
Compiling module 'Autofire'("H:\nestang\nestang-25k\src\autofire.v":4)
WARN  (EX3791) : Expression size 22 truncated to fit in target size 21("H:\nestang\nestang-25k\src\autofire.v":23)
Driving port 'out' is declared here("H:\nestang\nestang-25k\src\autofire.v":11)
Port is declared here("H:\nestang\nestang-25k\src\autofire.v":11)
Compiling module 'usb_hid_host'("H:\nestang\nestang-25k\src\usb_hid_host.v":12)
Compiling module 'ukp'("H:\nestang\nestang-25k\src\usb_hid_host.v":180)
Compiling module 'usb_hid_host_rom'("H:\nestang\nestang-25k\src\usb_hid_host_rom.v":1)
Extracting RAM for identifier 'mem'("H:\nestang\nestang-25k\src\usb_hid_host_rom.v":6)
WARN  (EX3791) : Expression size 4 truncated to fit in target size 1("H:\nestang\nestang-25k\src\usb_hid_host.v":258)
WARN  (EX3791) : Expression size 15 truncated to fit in target size 14("H:\nestang\nestang-25k\src\usb_hid_host.v":301)
WARN  (EX3791) : Expression size 15 truncated to fit in target size 14("H:\nestang\nestang-25k\src\usb_hid_host.v":309)
WARN  (EX3791) : Expression size 4 truncated to fit in target size 3("H:\nestang\nestang-25k\src\usb_hid_host.v":319)
WARN  (EX3791) : Expression size 4 truncated to fit in target size 3("H:\nestang\nestang-25k\src\usb_hid_host.v":337)
WARN  (EX3791) : Expression size 8 truncated to fit in target size 7("H:\nestang\nestang-25k\src\usb_hid_host.v":344)
WARN  (EX3791) : Expression size 4 truncated to fit in target size 3("H:\nestang\nestang-25k\src\usb_hid_host.v":347)
WARN  (EX3791) : Expression size 15 truncated to fit in target size 14("H:\nestang\nestang-25k\src\usb_hid_host.v":357)
WARN  (EX3791) : Expression size 25 truncated to fit in target size 24("H:\nestang\nestang-25k\src\usb_hid_host.v":366)
WARN  (EX3791) : Expression size 5 truncated to fit in target size 4("H:\nestang\nestang-25k\src\usb_hid_host.v":146)
Compiling module 'uart_tx_V2(clk_freq=25000000,uart_freq=921600)'("H:\nestang\nestang-25k\src\uart_tx_V2.v":1)
WARN  (EX3791) : Expression size 8 truncated to fit in target size 7("H:\nestang\nestang-25k\src\uart_tx_V2.v":49)
WARN  (EX3791) : Expression size 21 truncated to fit in target size 20("H:\nestang\nestang-25k\src\nes_tang25k.v":423)
WARN  (EX3791) : Expression size 17 truncated to fit in target size 16("H:\nestang\nestang-25k\src\nes_tang25k.v":470)
WARN  (EX3791) : Expression size 32 truncated to fit in target size 20("H:\nestang\nestang-25k\src\nes_tang25k.v":581)
WARN  (EX3791) : Expression size 32 truncated to fit in target size 10("H:\nestang\nestang-25k\src\nes_tang25k.v":586)
WARN  (EX1998) : Net 'auto_square' does not have a driver("H:\nestang\nestang-25k\src\nes_tang25k.v":176)
WARN  (EX1998) : Net 'auto_triangle' does not have a driver("H:\nestang\nestang-25k\src\nes_tang25k.v":176)
WARN  (EX1998) : Net 'auto_square2' does not have a driver("H:\nestang\nestang-25k\src\nes_tang25k.v":176)
WARN  (EX1998) : Net 'auto_triangle2' does not have a driver("H:\nestang\nestang-25k\src\nes_tang25k.v":176)
WARN  (EX1998) : Net 'sd_debug_reg[7]' does not have a driver("H:\nestang\nestang-25k\src\nes_tang25k.v":316)
WARN  (EX1998) : Net 'print_length[6]' does not have a driver("H:\nestang\nestang-25k\src\print.v":15)
WARN  (EX2565) : Input 'aspect_8x7' on this instance is undriven. Assigning to 0, simulation mismatch possible. Please assign the input or remove the declaration("H:\nestang\nestang-25k\src\nes_tang25k.v":314)
NOTE  (EX0101) : Current top module is "NES_Tang25k"
WARN  (EX0211) : The output port "led[1]" of module "NES_Tang25k" has no driver, assigning undriven bits to Z, simulation mismatch possible("H:\nestang\nestang-25k\src\nes_tang25k.v":19)
WARN  (EX0211) : The output port "led[0]" of module "NES_Tang25k" has no driver, assigning undriven bits to Z, simulation mismatch possible("H:\nestang\nestang-25k\src\nes_tang25k.v":19)
[5%] Running netlist conversion ...
Running device independent optimization ...
[10%] Optimizing Phase 0 completed
[15%] Optimizing Phase 1 completed
[25%] Optimizing Phase 2 completed
Running inference ...
[30%] Inferring Phase 0 completed
[40%] Inferring Phase 1 completed
[50%] Inferring Phase 2 completed
[55%] Inferring Phase 3 completed
Running technical mapping ...
[60%] Tech-Mapping Phase 0 completed
[65%] Tech-Mapping Phase 1 completed
[75%] Tech-Mapping Phase 2 completed
[80%] Tech-Mapping Phase 3 completed
[90%] Tech-Mapping Phase 4 completed
WARN  (NL0002) : The module "LenCtr_Lookup" instantiated to "len" is swept in optimizing("H:\nestang\nestang-25k\src\apu.v":664)
WARN  (NL0002) : The module "MyAddSub" instantiated to "addsub" is swept in optimizing("H:\nestang\nestang-25k\src\cpu.v":82)
WARN  (NL0002) : The module "MUXCY" instantiated to "MUXCY_7" is swept in optimizing("H:\nestang\nestang-25k\src\cpu.v":20)
WARN  (NL0002) : The module "MUXCY_D" instantiated to "MUXCY_D6" is swept in optimizing("H:\nestang\nestang-25k\src\cpu.v":19)
WARN  (NL0002) : The module "MUXCY_L" instantiated to "MUXCY_L0" is swept in optimizing("H:\nestang\nestang-25k\src\cpu.v":13)
WARN  (NL0002) : The module "MUXCY_L" instantiated to "MUXCY_L1" is swept in optimizing("H:\nestang\nestang-25k\src\cpu.v":14)
WARN  (NL0002) : The module "MUXCY_L" instantiated to "MUXCY_L2" is swept in optimizing("H:\nestang\nestang-25k\src\cpu.v":15)
WARN  (NL0002) : The module "MUXCY_L" instantiated to "MUXCY_L3" is swept in optimizing("H:\nestang\nestang-25k\src\cpu.v":16)
WARN  (NL0002) : The module "MUXCY_L" instantiated to "MUXCY_L4" is swept in optimizing("H:\nestang\nestang-25k\src\cpu.v":17)
WARN  (NL0002) : The module "MUXCY_L" instantiated to "MUXCY_L5" is swept in optimizing("H:\nestang\nestang-25k\src\cpu.v":18)
WARN  (NL0002) : The module "XOR2" instantiated to "X1" is swept in optimizing("H:\nestang\nestang-25k\src\cpu.v":29)
WARN  (NL0002) : The module "XORCY" instantiated to "XORCY0" is swept in optimizing("H:\nestang\nestang-25k\src\cpu.v":21)
WARN  (NL0002) : The module "XORCY" instantiated to "XORCY1" is swept in optimizing("H:\nestang\nestang-25k\src\cpu.v":22)
WARN  (NL0002) : The module "XORCY" instantiated to "XORCY2" is swept in optimizing("H:\nestang\nestang-25k\src\cpu.v":23)
WARN  (NL0002) : The module "XORCY" instantiated to "XORCY3" is swept in optimizing("H:\nestang\nestang-25k\src\cpu.v":24)
WARN  (NL0002) : The module "XORCY" instantiated to "XORCY4" is swept in optimizing("H:\nestang\nestang-25k\src\cpu.v":25)
WARN  (NL0002) : The module "XORCY" instantiated to "XORCY5" is swept in optimizing("H:\nestang\nestang-25k\src\cpu.v":26)
WARN  (NL0002) : The module "XORCY" instantiated to "XORCY6" is swept in optimizing("H:\nestang\nestang-25k\src\cpu.v":27)
WARN  (NL0002) : The module "XORCY" instantiated to "XORCY7" is swept in optimizing("H:\nestang\nestang-25k\src\cpu.v":28)
WARN  (NL0002) : The module "MMC0" instantiated to "mmc0" is swept in optimizing("H:\nestang\nestang-25k\src\mmu.v":1575)
WARN  (NL0002) : The module "PixelMuxer" instantiated to "pixel_muxer" is swept in optimizing("H:\nestang\nestang-25k\src\ppu.v":606)
WARN  (NL0002) : The module "audio_info_frame" instantiated to "audio_info_frame" is swept in optimizing("H:\nestang\nestang-25k\src\hdmi2\packet_picker.sv":143)
WARN  (NL0002) : The module "audio_sample_packet" instantiated to "audio_sample_packet" is swept in optimizing("H:\nestang\nestang-25k\src\hdmi2\packet_picker.sv":131)
WARN  (NL0002) : The module "auxiliary_video_information_info_frame" instantiated to "auxiliary_video_information_info_frame" is swept in optimizing("H:\nestang\nestang-25k\src\hdmi2\packet_picker.sv":137)
WARN  (NL0002) : The module "source_product_description_info_frame" instantiated to "source_product_description_info_frame" is swept in optimizing("H:\nestang\nestang-25k\src\hdmi2\packet_picker.sv":140)
WARN  (NL0002) : The module "usb_hid_host_rom" instantiated to "ukprom" is swept in optimizing("H:\nestang\nestang-25k\src\usb_hid_host.v":241)
[95%] Generate netlist file "H:\nestang\nestang-25k\impl\gwsynthesis\nes.vg" completed
[100%] Generate report file "H:\nestang\nestang-25k\impl\gwsynthesis\nes_syn.rpt.html" completed
GowinSynthesis finish
