Reading netlist file: "H:\nestang\nestang-25k\impl\gwsynthesis\nes.vg"
Parsing netlist file "H:\nestang\nestang-25k\impl\gwsynthesis\nes.vg" completed
Processing netlist completed
Reading constraint file: "H:\nestang\nestang-25k\src\nestang.cst"
Physical Constraint parsed completed
Running placement......
[10%] Placement Phase 0 completed
[20%] Placement Phase 1 completed
[30%] Placement Phase 2 completed
[50%] Placement Phase 3 completed
Running routing......
[60%] Routing Phase 0 completed
[70%] Routing Phase 1 completed
[80%] Routing Phase 2 completed
[90%] Routing Phase 3 completed
Running timing analysis......
[95%] Timing analysis completed
Placement and routing completed
Bitstream generation in progress......
Bitstream generation completed
Generate file "H:\nestang\nestang-25k\impl\pnr\nes.pin.html" completed
Generate file "H:\nestang\nestang-25k\impl\pnr\nes.rpt.html" completed
Generate file "H:\nestang\nestang-25k\impl\pnr\nes.rpt.txt" completed
Generate file "H:\nestang\nestang-25k\impl\pnr\nes.tr.html" completed
Mon Oct 30 14:58:19 2023

