GowinSynthesis start
Running parser ...
Analyzing Verilog file '/home/pc/work/Tang/25K/HUB75E/HUB75E/src/top.v.v'
WARN  (EX2830) : Data object 'clock' is already declared("/home/pc/work/Tang/25K/HUB75E/HUB75E/src/top.v.v":73)
Previous declaration of 'clock' is from here("/home/pc/work/Tang/25K/HUB75E/HUB75E/src/top.v.v":67)
WARN  (EX3671) : Second declaration of 'clock' is ignored("/home/pc/work/Tang/25K/HUB75E/HUB75E/src/top.v.v":73)
Analyzing Verilog file '/home/pc/work/Tang/25K/HUB75E/HUB75E/src/gowin_prom/gowin_prom.v'
Compiling module 'TOP'("/home/pc/work/Tang/25K/HUB75E/HUB75E/src/top.v.v":34)
Compiling module 'Gowin_pROM'("/home/pc/work/Tang/25K/HUB75E/HUB75E/src/gowin_prom/gowin_prom.v":10)
Compiling module 'hub75e_if'("/home/pc/work/Tang/25K/HUB75E/HUB75E/src/top.v.v":141)
WARN  (EX3791) : Expression size 32 truncated to fit in target size 5("/home/pc/work/Tang/25K/HUB75E/HUB75E/src/top.v.v":157)
WARN  (EX3791) : Expression size 12 truncated to fit in target size 11("/home/pc/work/Tang/25K/HUB75E/HUB75E/src/top.v.v":173)
WARN  (EX3791) : Expression size 12 truncated to fit in target size 11("/home/pc/work/Tang/25K/HUB75E/HUB75E/src/top.v.v":183)
WARN  (EX3791) : Expression size 11 truncated to fit in target size 10("/home/pc/work/Tang/25K/HUB75E/HUB75E/src/top.v.v":119)
NOTE  (EX0101) : Current top module is "TOP"
[5%] Running netlist conversion ...
Running device independent optimization ...
[10%] Optimizing Phase 0 completed
[15%] Optimizing Phase 1 completed
[25%] Optimizing Phase 2 completed
Running inference ...
[30%] Inferring Phase 0 completed
[40%] Inferring Phase 1 completed
[50%] Inferring Phase 2 completed
[55%] Inferring Phase 3 completed
Running technical mapping ...
[60%] Tech-Mapping Phase 0 completed
[65%] Tech-Mapping Phase 1 completed
[75%] Tech-Mapping Phase 2 completed
[80%] Tech-Mapping Phase 3 completed
[90%] Tech-Mapping Phase 4 completed
[95%] Generate netlist file "/home/pc/work/Tang/25K/HUB75E/HUB75E/impl/gwsynthesis/HUB75E.vg" completed
[100%] Generate report file "/home/pc/work/Tang/25K/HUB75E/HUB75E/impl/gwsynthesis/HUB75E_syn.rpt.html" completed
GowinSynthesis finish
