Reading netlist file: "C:\Users\lee\Desktop\ov5640_480_272\impl\gwsynthesis\ov5640_480_272.vg"
Parsing netlist file "C:\Users\lee\Desktop\ov5640_480_272\impl\gwsynthesis\ov5640_480_272.vg" completed
WARN  (PA1001) : Dangling net 'lock_o'(source:'PLL_inst') in module 'sys_pll' has no destination
WARN  (PA1001) : Dangling net 'clkout1_o'(source:'PLL_inst') in module 'sys_pll' has no destination
WARN  (PA1001) : Dangling net 'clkout2_o'(source:'PLL_inst') in module 'sys_pll' has no destination
WARN  (PA1001) : Dangling net 'clkout3_o'(source:'PLL_inst') in module 'sys_pll' has no destination
WARN  (PA1001) : Dangling net 'clkout4_o'(source:'PLL_inst') in module 'sys_pll' has no destination
WARN  (PA1001) : Dangling net 'clkout5_o'(source:'PLL_inst') in module 'sys_pll' has no destination
WARN  (PA1001) : Dangling net 'clkout6_o'(source:'PLL_inst') in module 'sys_pll' has no destination
WARN  (PA1001) : Dangling net 'clkfbout_o'(source:'PLL_inst') in module 'sys_pll' has no destination
WARN  (PA1001) : Dangling net 'lock_o'(source:'PLL_inst') in module 'cmos_pll' has no destination
WARN  (PA1001) : Dangling net 'clkout1_o'(source:'PLL_inst') in module 'cmos_pll' has no destination
WARN  (PA1001) : Dangling net 'clkout2_o'(source:'PLL_inst') in module 'cmos_pll' has no destination
WARN  (PA1001) : Dangling net 'clkout3_o'(source:'PLL_inst') in module 'cmos_pll' has no destination
WARN  (PA1001) : Dangling net 'clkout4_o'(source:'PLL_inst') in module 'cmos_pll' has no destination
WARN  (PA1001) : Dangling net 'clkout5_o'(source:'PLL_inst') in module 'cmos_pll' has no destination
WARN  (PA1001) : Dangling net 'clkout6_o'(source:'PLL_inst') in module 'cmos_pll' has no destination
WARN  (PA1001) : Dangling net 'clkfbout_o'(source:'PLL_inst') in module 'cmos_pll' has no destination
WARN  (PA1001) : Dangling net 'DO[1]'(source:'Equal.mem_Equal.mem_0_0_s') in module '~fifo.video_fifo' has no destination
WARN  (PA1001) : Dangling net 'DO[2]'(source:'Equal.mem_Equal.mem_0_0_s') in module '~fifo.video_fifo' has no destination
WARN  (PA1001) : Dangling net 'DO[3]'(source:'Equal.mem_Equal.mem_0_0_s') in module '~fifo.video_fifo' has no destination
WARN  (PA1001) : Dangling net 'DO[4]'(source:'Equal.mem_Equal.mem_0_0_s') in module '~fifo.video_fifo' has no destination
WARN  (PA1001) : Dangling net 'DO[5]'(source:'Equal.mem_Equal.mem_0_0_s') in module '~fifo.video_fifo' has no destination
WARN  (PA1001) : Dangling net 'DO[6]'(source:'Equal.mem_Equal.mem_0_0_s') in module '~fifo.video_fifo' has no destination
WARN  (PA1001) : Dangling net 'DO[7]'(source:'Equal.mem_Equal.mem_0_0_s') in module '~fifo.video_fifo' has no destination
WARN  (PA1001) : Dangling net 'DO[8]'(source:'Equal.mem_Equal.mem_0_0_s') in module '~fifo.video_fifo' has no destination
WARN  (PA1001) : Dangling net 'DO[9]'(source:'Equal.mem_Equal.mem_0_0_s') in module '~fifo.video_fifo' has no destination
WARN  (PA1001) : Dangling net 'DO[10]'(source:'Equal.mem_Equal.mem_0_0_s') in module '~fifo.video_fifo' has no destination
WARN  (PA1001) : Dangling net 'DO[11]'(source:'Equal.mem_Equal.mem_0_0_s') in module '~fifo.video_fifo' has no destination
WARN  (PA1001) : Dangling net 'DO[12]'(source:'Equal.mem_Equal.mem_0_0_s') in module '~fifo.video_fifo' has no destination
WARN  (PA1001) : Dangling net 'DO[13]'(source:'Equal.mem_Equal.mem_0_0_s') in module '~fifo.video_fifo' has no destination
WARN  (PA1001) : Dangling net 'DO[14]'(source:'Equal.mem_Equal.mem_0_0_s') in module '~fifo.video_fifo' has no destination
WARN  (PA1001) : Dangling net 'DO[15]'(source:'Equal.mem_Equal.mem_0_0_s') in module '~fifo.video_fifo' has no destination
WARN  (PA1001) : Dangling net 'DO[16]'(source:'Equal.mem_Equal.mem_0_0_s') in module '~fifo.video_fifo' has no destination
WARN  (PA1001) : Dangling net 'DO[17]'(source:'Equal.mem_Equal.mem_0_0_s') in module '~fifo.video_fifo' has no destination
WARN  (PA1001) : Dangling net 'DO[18]'(source:'Equal.mem_Equal.mem_0_0_s') in module '~fifo.video_fifo' has no destination
WARN  (PA1001) : Dangling net 'DO[19]'(source:'Equal.mem_Equal.mem_0_0_s') in module '~fifo.video_fifo' has no destination
WARN  (PA1001) : Dangling net 'DO[20]'(source:'Equal.mem_Equal.mem_0_0_s') in module '~fifo.video_fifo' has no destination
WARN  (PA1001) : Dangling net 'DO[21]'(source:'Equal.mem_Equal.mem_0_0_s') in module '~fifo.video_fifo' has no destination
WARN  (PA1001) : Dangling net 'DO[22]'(source:'Equal.mem_Equal.mem_0_0_s') in module '~fifo.video_fifo' has no destination
WARN  (PA1001) : Dangling net 'DO[23]'(source:'Equal.mem_Equal.mem_0_0_s') in module '~fifo.video_fifo' has no destination
WARN  (PA1001) : Dangling net 'DO[24]'(source:'Equal.mem_Equal.mem_0_0_s') in module '~fifo.video_fifo' has no destination
WARN  (PA1001) : Dangling net 'DO[25]'(source:'Equal.mem_Equal.mem_0_0_s') in module '~fifo.video_fifo' has no destination
WARN  (PA1001) : Dangling net 'DO[26]'(source:'Equal.mem_Equal.mem_0_0_s') in module '~fifo.video_fifo' has no destination
WARN  (PA1001) : Dangling net 'DO[27]'(source:'Equal.mem_Equal.mem_0_0_s') in module '~fifo.video_fifo' has no destination
WARN  (PA1001) : Dangling net 'DO[28]'(source:'Equal.mem_Equal.mem_0_0_s') in module '~fifo.video_fifo' has no destination
WARN  (PA1001) : Dangling net 'DO[29]'(source:'Equal.mem_Equal.mem_0_0_s') in module '~fifo.video_fifo' has no destination
WARN  (PA1001) : Dangling net 'DO[30]'(source:'Equal.mem_Equal.mem_0_0_s') in module '~fifo.video_fifo' has no destination
WARN  (PA1001) : Dangling net 'DO[31]'(source:'Equal.mem_Equal.mem_0_0_s') in module '~fifo.video_fifo' has no destination
WARN  (PA1001) : Dangling net 'DO_0[1]'(source:'Equal.mem_Equal.mem_0_1_s') in module '~fifo.video_fifo' has no destination
WARN  (PA1001) : Dangling net 'DO_0[2]'(source:'Equal.mem_Equal.mem_0_1_s') in module '~fifo.video_fifo' has no destination
WARN  (PA1001) : Dangling net 'DO_0[3]'(source:'Equal.mem_Equal.mem_0_1_s') in module '~fifo.video_fifo' has no destination
WARN  (PA1001) : Dangling net 'DO_0[4]'(source:'Equal.mem_Equal.mem_0_1_s') in module '~fifo.video_fifo' has no destination
WARN  (PA1001) : Dangling net 'DO_0[5]'(source:'Equal.mem_Equal.mem_0_1_s') in module '~fifo.video_fifo' has no destination
WARN  (PA1001) : Dangling net 'DO_0[6]'(source:'Equal.mem_Equal.mem_0_1_s') in module '~fifo.video_fifo' has no destination
WARN  (PA1001) : Dangling net 'DO_0[7]'(source:'Equal.mem_Equal.mem_0_1_s') in module '~fifo.video_fifo' has no destination
WARN  (PA1001) : Dangling net 'DO_0[8]'(source:'Equal.mem_Equal.mem_0_1_s') in module '~fifo.video_fifo' has no destination
WARN  (PA1001) : Dangling net 'DO_0[9]'(source:'Equal.mem_Equal.mem_0_1_s') in module '~fifo.video_fifo' has no destination
WARN  (PA1001) : Dangling net 'DO_0[10]'(source:'Equal.mem_Equal.mem_0_1_s') in module '~fifo.video_fifo' has no destination
WARN  (PA1001) : Dangling net 'DO_0[11]'(source:'Equal.mem_Equal.mem_0_1_s') in module '~fifo.video_fifo' has no destination
WARN  (PA1001) : Dangling net 'DO_0[12]'(source:'Equal.mem_Equal.mem_0_1_s') in module '~fifo.video_fifo' has no destination
WARN  (PA1001) : Dangling net 'DO_0[13]'(source:'Equal.mem_Equal.mem_0_1_s') in module '~fifo.video_fifo' has no destination
WARN  (PA1001) : Dangling net 'DO_0[14]'(source:'Equal.mem_Equal.mem_0_1_s') in module '~fifo.video_fifo' has no destination
WARN  (PA1001) : Dangling net 'DO_0[15]'(source:'Equal.mem_Equal.mem_0_1_s') in module '~fifo.video_fifo' has no destination
WARN  (PA1001) : Dangling net 'DO_0[16]'(source:'Equal.mem_Equal.mem_0_1_s') in module '~fifo.video_fifo' has no destination
WARN  (PA1001) : Dangling net 'DO_0[17]'(source:'Equal.mem_Equal.mem_0_1_s') in module '~fifo.video_fifo' has no destination
WARN  (PA1001) : Dangling net 'DO_0[18]'(source:'Equal.mem_Equal.mem_0_1_s') in module '~fifo.video_fifo' has no destination
WARN  (PA1001) : Dangling net 'DO_0[19]'(source:'Equal.mem_Equal.mem_0_1_s') in module '~fifo.video_fifo' has no destination
WARN  (PA1001) : Dangling net 'DO_0[20]'(source:'Equal.mem_Equal.mem_0_1_s') in module '~fifo.video_fifo' has no destination
WARN  (PA1001) : Dangling net 'DO_0[21]'(source:'Equal.mem_Equal.mem_0_1_s') in module '~fifo.video_fifo' has no destination
WARN  (PA1001) : Dangling net 'DO_0[22]'(source:'Equal.mem_Equal.mem_0_1_s') in module '~fifo.video_fifo' has no destination
WARN  (PA1001) : Dangling net 'DO_0[23]'(source:'Equal.mem_Equal.mem_0_1_s') in module '~fifo.video_fifo' has no destination
WARN  (PA1001) : Dangling net 'DO_0[24]'(source:'Equal.mem_Equal.mem_0_1_s') in module '~fifo.video_fifo' has no destination
WARN  (PA1001) : Dangling net 'DO_0[25]'(source:'Equal.mem_Equal.mem_0_1_s') in module '~fifo.video_fifo' has no destination
WARN  (PA1001) : Dangling net 'DO_0[26]'(source:'Equal.mem_Equal.mem_0_1_s') in module '~fifo.video_fifo' has no destination
WARN  (PA1001) : Dangling net 'DO_0[27]'(source:'Equal.mem_Equal.mem_0_1_s') in module '~fifo.video_fifo' has no destination
WARN  (PA1001) : Dangling net 'DO_0[28]'(source:'Equal.mem_Equal.mem_0_1_s') in module '~fifo.video_fifo' has no destination
WARN  (PA1001) : Dangling net 'DO_0[29]'(source:'Equal.mem_Equal.mem_0_1_s') in module '~fifo.video_fifo' has no destination
WARN  (PA1001) : Dangling net 'DO_0[30]'(source:'Equal.mem_Equal.mem_0_1_s') in module '~fifo.video_fifo' has no destination
WARN  (PA1001) : Dangling net 'DO_0[31]'(source:'Equal.mem_Equal.mem_0_1_s') in module '~fifo.video_fifo' has no destination
WARN  (PA1001) : Dangling net 'DO_1[1]'(source:'Equal.mem_Equal.mem_0_2_s') in module '~fifo.video_fifo' has no destination
WARN  (PA1001) : Dangling net 'DO_1[2]'(source:'Equal.mem_Equal.mem_0_2_s') in module '~fifo.video_fifo' has no destination
WARN  (PA1001) : Dangling net 'DO_1[3]'(source:'Equal.mem_Equal.mem_0_2_s') in module '~fifo.video_fifo' has no destination
WARN  (PA1001) : Dangling net 'DO_1[4]'(source:'Equal.mem_Equal.mem_0_2_s') in module '~fifo.video_fifo' has no destination
WARN  (PA1001) : Dangling net 'DO_1[5]'(source:'Equal.mem_Equal.mem_0_2_s') in module '~fifo.video_fifo' has no destination
WARN  (PA1001) : Dangling net 'DO_1[6]'(source:'Equal.mem_Equal.mem_0_2_s') in module '~fifo.video_fifo' has no destination
WARN  (PA1001) : Dangling net 'DO_1[7]'(source:'Equal.mem_Equal.mem_0_2_s') in module '~fifo.video_fifo' has no destination
WARN  (PA1001) : Dangling net 'DO_1[8]'(source:'Equal.mem_Equal.mem_0_2_s') in module '~fifo.video_fifo' has no destination
WARN  (PA1001) : Dangling net 'DO_1[9]'(source:'Equal.mem_Equal.mem_0_2_s') in module '~fifo.video_fifo' has no destination
WARN  (PA1001) : Dangling net 'DO_1[10]'(source:'Equal.mem_Equal.mem_0_2_s') in module '~fifo.video_fifo' has no destination
WARN  (PA1001) : Dangling net 'DO_1[11]'(source:'Equal.mem_Equal.mem_0_2_s') in module '~fifo.video_fifo' has no destination
WARN  (PA1001) : Dangling net 'DO_1[12]'(source:'Equal.mem_Equal.mem_0_2_s') in module '~fifo.video_fifo' has no destination
WARN  (PA1001) : Dangling net 'DO_1[13]'(source:'Equal.mem_Equal.mem_0_2_s') in module '~fifo.video_fifo' has no destination
WARN  (PA1001) : Dangling net 'DO_1[14]'(source:'Equal.mem_Equal.mem_0_2_s') in module '~fifo.video_fifo' has no destination
WARN  (PA1001) : Dangling net 'DO_1[15]'(source:'Equal.mem_Equal.mem_0_2_s') in module '~fifo.video_fifo' has no destination
WARN  (PA1001) : Dangling net 'DO_1[16]'(source:'Equal.mem_Equal.mem_0_2_s') in module '~fifo.video_fifo' has no destination
WARN  (PA1001) : Dangling net 'DO_1[17]'(source:'Equal.mem_Equal.mem_0_2_s') in module '~fifo.video_fifo' has no destination
WARN  (PA1001) : Dangling net 'DO_1[18]'(source:'Equal.mem_Equal.mem_0_2_s') in module '~fifo.video_fifo' has no destination
WARN  (PA1001) : Dangling net 'DO_1[19]'(source:'Equal.mem_Equal.mem_0_2_s') in module '~fifo.video_fifo' has no destination
WARN  (PA1001) : Dangling net 'DO_1[20]'(source:'Equal.mem_Equal.mem_0_2_s') in module '~fifo.video_fifo' has no destination
WARN  (PA1001) : Dangling net 'DO_1[21]'(source:'Equal.mem_Equal.mem_0_2_s') in module '~fifo.video_fifo' has no destination
WARN  (PA1001) : Dangling net 'DO_1[22]'(source:'Equal.mem_Equal.mem_0_2_s') in module '~fifo.video_fifo' has no destination
WARN  (PA1001) : Dangling net 'DO_1[23]'(source:'Equal.mem_Equal.mem_0_2_s') in module '~fifo.video_fifo' has no destination
WARN  (PA1001) : Dangling net 'DO_1[24]'(source:'Equal.mem_Equal.mem_0_2_s') in module '~fifo.video_fifo' has no destination
WARN  (PA1001) : Dangling net 'DO_1[25]'(source:'Equal.mem_Equal.mem_0_2_s') in module '~fifo.video_fifo' has no destination
WARN  (PA1001) : Dangling net 'DO_1[26]'(source:'Equal.mem_Equal.mem_0_2_s') in module '~fifo.video_fifo' has no destination
WARN  (PA1001) : Dangling net 'DO_1[27]'(source:'Equal.mem_Equal.mem_0_2_s') in module '~fifo.video_fifo' has no destination
WARN  (PA1001) : Dangling net 'DO_1[28]'(source:'Equal.mem_Equal.mem_0_2_s') in module '~fifo.video_fifo' has no destination
WARN  (PA1001) : Dangling net 'DO_1[29]'(source:'Equal.mem_Equal.mem_0_2_s') in module '~fifo.video_fifo' has no destination
WARN  (PA1001) : Dangling net 'DO_1[30]'(source:'Equal.mem_Equal.mem_0_2_s') in module '~fifo.video_fifo' has no destination
WARN  (PA1001) : Dangling net 'DO_1[31]'(source:'Equal.mem_Equal.mem_0_2_s') in module '~fifo.video_fifo' has no destination
WARN  (PA1001) : Dangling net 'DO_2[1]'(source:'Equal.mem_Equal.mem_0_3_s') in module '~fifo.video_fifo' has no destination
WARN  (PA1001) : Dangling net 'DO_2[2]'(source:'Equal.mem_Equal.mem_0_3_s') in module '~fifo.video_fifo' has no destination
WARN  (PA1001) : Dangling net 'DO_2[3]'(source:'Equal.mem_Equal.mem_0_3_s') in module '~fifo.video_fifo' has no destination
WARN  (PA1001) : Dangling net 'DO_2[4]'(source:'Equal.mem_Equal.mem_0_3_s') in module '~fifo.video_fifo' has no destination
WARN  (PA1001) : Dangling net 'DO_2[5]'(source:'Equal.mem_Equal.mem_0_3_s') in module '~fifo.video_fifo' has no destination
WARN  (PA1001) : Dangling net 'DO_2[6]'(source:'Equal.mem_Equal.mem_0_3_s') in module '~fifo.video_fifo' has no destination
WARN  (PA1001) : Dangling net 'DO_2[7]'(source:'Equal.mem_Equal.mem_0_3_s') in module '~fifo.video_fifo' has no destination
WARN  (PA1001) : Dangling net 'DO_2[8]'(source:'Equal.mem_Equal.mem_0_3_s') in module '~fifo.video_fifo' has no destination
WARN  (PA1001) : Dangling net 'DO_2[9]'(source:'Equal.mem_Equal.mem_0_3_s') in module '~fifo.video_fifo' has no destination
WARN  (PA1001) : Dangling net 'DO_2[10]'(source:'Equal.mem_Equal.mem_0_3_s') in module '~fifo.video_fifo' has no destination
WARN  (PA1001) : Dangling net 'DO_2[11]'(source:'Equal.mem_Equal.mem_0_3_s') in module '~fifo.video_fifo' has no destination
WARN  (PA1001) : Dangling net 'DO_2[12]'(source:'Equal.mem_Equal.mem_0_3_s') in module '~fifo.video_fifo' has no destination
WARN  (PA1001) : Dangling net 'DO_2[13]'(source:'Equal.mem_Equal.mem_0_3_s') in module '~fifo.video_fifo' has no destination
WARN  (PA1001) : Dangling net 'DO_2[14]'(source:'Equal.mem_Equal.mem_0_3_s') in module '~fifo.video_fifo' has no destination
WARN  (PA1001) : Dangling net 'DO_2[15]'(source:'Equal.mem_Equal.mem_0_3_s') in module '~fifo.video_fifo' has no destination
WARN  (PA1001) : Dangling net 'DO_2[16]'(source:'Equal.mem_Equal.mem_0_3_s') in module '~fifo.video_fifo' has no destination
WARN  (PA1001) : Dangling net 'DO_2[17]'(source:'Equal.mem_Equal.mem_0_3_s') in module '~fifo.video_fifo' has no destination
WARN  (PA1001) : Dangling net 'DO_2[18]'(source:'Equal.mem_Equal.mem_0_3_s') in module '~fifo.video_fifo' has no destination
WARN  (PA1001) : Dangling net 'DO_2[19]'(source:'Equal.mem_Equal.mem_0_3_s') in module '~fifo.video_fifo' has no destination
WARN  (PA1001) : Dangling net 'DO_2[20]'(source:'Equal.mem_Equal.mem_0_3_s') in module '~fifo.video_fifo' has no destination
WARN  (PA1001) : Dangling net 'DO_2[21]'(source:'Equal.mem_Equal.mem_0_3_s') in module '~fifo.video_fifo' has no destination
WARN  (PA1001) : Dangling net 'DO_2[22]'(source:'Equal.mem_Equal.mem_0_3_s') in module '~fifo.video_fifo' has no destination
WARN  (PA1001) : Dangling net 'DO_2[23]'(source:'Equal.mem_Equal.mem_0_3_s') in module '~fifo.video_fifo' has no destination
WARN  (PA1001) : Dangling net 'DO_2[24]'(source:'Equal.mem_Equal.mem_0_3_s') in module '~fifo.video_fifo' has no destination
WARN  (PA1001) : Dangling net 'DO_2[25]'(source:'Equal.mem_Equal.mem_0_3_s') in module '~fifo.video_fifo' has no destination
WARN  (PA1001) : Dangling net 'DO_2[26]'(source:'Equal.mem_Equal.mem_0_3_s') in module '~fifo.video_fifo' has no destination
WARN  (PA1001) : Dangling net 'DO_2[27]'(source:'Equal.mem_Equal.mem_0_3_s') in module '~fifo.video_fifo' has no destination
WARN  (PA1001) : Dangling net 'DO_2[28]'(source:'Equal.mem_Equal.mem_0_3_s') in module '~fifo.video_fifo' has no destination
WARN  (PA1001) : Dangling net 'DO_2[29]'(source:'Equal.mem_Equal.mem_0_3_s') in module '~fifo.video_fifo' has no destination
WARN  (PA1001) : Dangling net 'DO_2[30]'(source:'Equal.mem_Equal.mem_0_3_s') in module '~fifo.video_fifo' has no destination
WARN  (PA1001) : Dangling net 'DO_2[31]'(source:'Equal.mem_Equal.mem_0_3_s') in module '~fifo.video_fifo' has no destination
WARN  (PA1001) : Dangling net 'DO_3[1]'(source:'Equal.mem_Equal.mem_0_4_s') in module '~fifo.video_fifo' has no destination
WARN  (PA1001) : Dangling net 'DO_3[2]'(source:'Equal.mem_Equal.mem_0_4_s') in module '~fifo.video_fifo' has no destination
WARN  (PA1001) : Dangling net 'DO_3[3]'(source:'Equal.mem_Equal.mem_0_4_s') in module '~fifo.video_fifo' has no destination
WARN  (PA1001) : Dangling net 'DO_3[4]'(source:'Equal.mem_Equal.mem_0_4_s') in module '~fifo.video_fifo' has no destination
WARN  (PA1001) : Dangling net 'DO_3[5]'(source:'Equal.mem_Equal.mem_0_4_s') in module '~fifo.video_fifo' has no destination
WARN  (PA1001) : Dangling net 'DO_3[6]'(source:'Equal.mem_Equal.mem_0_4_s') in module '~fifo.video_fifo' has no destination
WARN  (PA1001) : Dangling net 'DO_3[7]'(source:'Equal.mem_Equal.mem_0_4_s') in module '~fifo.video_fifo' has no destination
WARN  (PA1001) : Dangling net 'DO_3[8]'(source:'Equal.mem_Equal.mem_0_4_s') in module '~fifo.video_fifo' has no destination
WARN  (PA1001) : Dangling net 'DO_3[9]'(source:'Equal.mem_Equal.mem_0_4_s') in module '~fifo.video_fifo' has no destination
WARN  (PA1001) : Dangling net 'DO_3[10]'(source:'Equal.mem_Equal.mem_0_4_s') in module '~fifo.video_fifo' has no destination
WARN  (PA1001) : Dangling net 'DO_3[11]'(source:'Equal.mem_Equal.mem_0_4_s') in module '~fifo.video_fifo' has no destination
WARN  (PA1001) : Dangling net 'DO_3[12]'(source:'Equal.mem_Equal.mem_0_4_s') in module '~fifo.video_fifo' has no destination
WARN  (PA1001) : Dangling net 'DO_3[13]'(source:'Equal.mem_Equal.mem_0_4_s') in module '~fifo.video_fifo' has no destination
WARN  (PA1001) : Dangling net 'DO_3[14]'(source:'Equal.mem_Equal.mem_0_4_s') in module '~fifo.video_fifo' has no destination
WARN  (PA1001) : Dangling net 'DO_3[15]'(source:'Equal.mem_Equal.mem_0_4_s') in module '~fifo.video_fifo' has no destination
WARN  (PA1001) : Dangling net 'DO_3[16]'(source:'Equal.mem_Equal.mem_0_4_s') in module '~fifo.video_fifo' has no destination
WARN  (PA1001) : Dangling net 'DO_3[17]'(source:'Equal.mem_Equal.mem_0_4_s') in module '~fifo.video_fifo' has no destination
WARN  (PA1001) : Dangling net 'DO_3[18]'(source:'Equal.mem_Equal.mem_0_4_s') in module '~fifo.video_fifo' has no destination
WARN  (PA1001) : Dangling net 'DO_3[19]'(source:'Equal.mem_Equal.mem_0_4_s') in module '~fifo.video_fifo' has no destination
WARN  (PA1001) : Dangling net 'DO_3[20]'(source:'Equal.mem_Equal.mem_0_4_s') in module '~fifo.video_fifo' has no destination
WARN  (PA1001) : Dangling net 'DO_3[21]'(source:'Equal.mem_Equal.mem_0_4_s') in module '~fifo.video_fifo' has no destination
WARN  (PA1001) : Dangling net 'DO_3[22]'(source:'Equal.mem_Equal.mem_0_4_s') in module '~fifo.video_fifo' has no destination
WARN  (PA1001) : Dangling net 'DO_3[23]'(source:'Equal.mem_Equal.mem_0_4_s') in module '~fifo.video_fifo' has no destination
WARN  (PA1001) : Dangling net 'DO_3[24]'(source:'Equal.mem_Equal.mem_0_4_s') in module '~fifo.video_fifo' has no destination
WARN  (PA1001) : Dangling net 'DO_3[25]'(source:'Equal.mem_Equal.mem_0_4_s') in module '~fifo.video_fifo' has no destination
WARN  (PA1001) : Dangling net 'DO_3[26]'(source:'Equal.mem_Equal.mem_0_4_s') in module '~fifo.video_fifo' has no destination
WARN  (PA1001) : Dangling net 'DO_3[27]'(source:'Equal.mem_Equal.mem_0_4_s') in module '~fifo.video_fifo' has no destination
WARN  (PA1001) : Dangling net 'DO_3[28]'(source:'Equal.mem_Equal.mem_0_4_s') in module '~fifo.video_fifo' has no destination
WARN  (PA1001) : Dangling net 'DO_3[29]'(source:'Equal.mem_Equal.mem_0_4_s') in module '~fifo.video_fifo' has no destination
WARN  (PA1001) : Dangling net 'DO_3[30]'(source:'Equal.mem_Equal.mem_0_4_s') in module '~fifo.video_fifo' has no destination
WARN  (PA1001) : Dangling net 'DO_3[31]'(source:'Equal.mem_Equal.mem_0_4_s') in module '~fifo.video_fifo' has no destination
WARN  (PA1001) : Dangling net 'DO_4[1]'(source:'Equal.mem_Equal.mem_0_5_s') in module '~fifo.video_fifo' has no destination
WARN  (PA1001) : Dangling net 'DO_4[2]'(source:'Equal.mem_Equal.mem_0_5_s') in module '~fifo.video_fifo' has no destination
WARN  (PA1001) : Dangling net 'DO_4[3]'(source:'Equal.mem_Equal.mem_0_5_s') in module '~fifo.video_fifo' has no destination
WARN  (PA1001) : Dangling net 'DO_4[4]'(source:'Equal.mem_Equal.mem_0_5_s') in module '~fifo.video_fifo' has no destination
WARN  (PA1001) : Dangling net 'DO_4[5]'(source:'Equal.mem_Equal.mem_0_5_s') in module '~fifo.video_fifo' has no destination
WARN  (PA1001) : Dangling net 'DO_4[6]'(source:'Equal.mem_Equal.mem_0_5_s') in module '~fifo.video_fifo' has no destination
WARN  (PA1001) : Dangling net 'DO_4[7]'(source:'Equal.mem_Equal.mem_0_5_s') in module '~fifo.video_fifo' has no destination
WARN  (PA1001) : Dangling net 'DO_4[8]'(source:'Equal.mem_Equal.mem_0_5_s') in module '~fifo.video_fifo' has no destination
WARN  (PA1001) : Dangling net 'DO_4[9]'(source:'Equal.mem_Equal.mem_0_5_s') in module '~fifo.video_fifo' has no destination
WARN  (PA1001) : Dangling net 'DO_4[10]'(source:'Equal.mem_Equal.mem_0_5_s') in module '~fifo.video_fifo' has no destination
WARN  (PA1001) : Dangling net 'DO_4[11]'(source:'Equal.mem_Equal.mem_0_5_s') in module '~fifo.video_fifo' has no destination
WARN  (PA1001) : Dangling net 'DO_4[12]'(source:'Equal.mem_Equal.mem_0_5_s') in module '~fifo.video_fifo' has no destination
WARN  (PA1001) : Dangling net 'DO_4[13]'(source:'Equal.mem_Equal.mem_0_5_s') in module '~fifo.video_fifo' has no destination
WARN  (PA1001) : Dangling net 'DO_4[14]'(source:'Equal.mem_Equal.mem_0_5_s') in module '~fifo.video_fifo' has no destination
WARN  (PA1001) : Dangling net 'DO_4[15]'(source:'Equal.mem_Equal.mem_0_5_s') in module '~fifo.video_fifo' has no destination
WARN  (PA1001) : Dangling net 'DO_4[16]'(source:'Equal.mem_Equal.mem_0_5_s') in module '~fifo.video_fifo' has no destination
WARN  (PA1001) : Dangling net 'DO_4[17]'(source:'Equal.mem_Equal.mem_0_5_s') in module '~fifo.video_fifo' has no destination
WARN  (PA1001) : Dangling net 'DO_4[18]'(source:'Equal.mem_Equal.mem_0_5_s') in module '~fifo.video_fifo' has no destination
WARN  (PA1001) : Dangling net 'DO_4[19]'(source:'Equal.mem_Equal.mem_0_5_s') in module '~fifo.video_fifo' has no destination
WARN  (PA1001) : Dangling net 'DO_4[20]'(source:'Equal.mem_Equal.mem_0_5_s') in module '~fifo.video_fifo' has no destination
WARN  (PA1001) : Dangling net 'DO_4[21]'(source:'Equal.mem_Equal.mem_0_5_s') in module '~fifo.video_fifo' has no destination
WARN  (PA1001) : Dangling net 'DO_4[22]'(source:'Equal.mem_Equal.mem_0_5_s') in module '~fifo.video_fifo' has no destination
WARN  (PA1001) : Dangling net 'DO_4[23]'(source:'Equal.mem_Equal.mem_0_5_s') in module '~fifo.video_fifo' has no destination
WARN  (PA1001) : Dangling net 'DO_4[24]'(source:'Equal.mem_Equal.mem_0_5_s') in module '~fifo.video_fifo' has no destination
WARN  (PA1001) : Dangling net 'DO_4[25]'(source:'Equal.mem_Equal.mem_0_5_s') in module '~fifo.video_fifo' has no destination
WARN  (PA1001) : Dangling net 'DO_4[26]'(source:'Equal.mem_Equal.mem_0_5_s') in module '~fifo.video_fifo' has no destination
WARN  (PA1001) : Dangling net 'DO_4[27]'(source:'Equal.mem_Equal.mem_0_5_s') in module '~fifo.video_fifo' has no destination
WARN  (PA1001) : Dangling net 'DO_4[28]'(source:'Equal.mem_Equal.mem_0_5_s') in module '~fifo.video_fifo' has no destination
WARN  (PA1001) : Dangling net 'DO_4[29]'(source:'Equal.mem_Equal.mem_0_5_s') in module '~fifo.video_fifo' has no destination
WARN  (PA1001) : Dangling net 'DO_4[30]'(source:'Equal.mem_Equal.mem_0_5_s') in module '~fifo.video_fifo' has no destination
WARN  (PA1001) : Dangling net 'DO_4[31]'(source:'Equal.mem_Equal.mem_0_5_s') in module '~fifo.video_fifo' has no destination
WARN  (PA1001) : Dangling net 'DO_5[1]'(source:'Equal.mem_Equal.mem_0_6_s') in module '~fifo.video_fifo' has no destination
WARN  (PA1001) : Dangling net 'DO_5[2]'(source:'Equal.mem_Equal.mem_0_6_s') in module '~fifo.video_fifo' has no destination
WARN  (PA1001) : Dangling net 'DO_5[3]'(source:'Equal.mem_Equal.mem_0_6_s') in module '~fifo.video_fifo' has no destination
WARN  (PA1001) : Dangling net 'DO_5[4]'(source:'Equal.mem_Equal.mem_0_6_s') in module '~fifo.video_fifo' has no destination
WARN  (PA1001) : Dangling net 'DO_5[5]'(source:'Equal.mem_Equal.mem_0_6_s') in module '~fifo.video_fifo' has no destination
WARN  (PA1001) : Dangling net 'DO_5[6]'(source:'Equal.mem_Equal.mem_0_6_s') in module '~fifo.video_fifo' has no destination
WARN  (PA1001) : Dangling net 'DO_5[7]'(source:'Equal.mem_Equal.mem_0_6_s') in module '~fifo.video_fifo' has no destination
WARN  (PA1001) : Dangling net 'DO_5[8]'(source:'Equal.mem_Equal.mem_0_6_s') in module '~fifo.video_fifo' has no destination
WARN  (PA1001) : Dangling net 'DO_5[9]'(source:'Equal.mem_Equal.mem_0_6_s') in module '~fifo.video_fifo' has no destination
WARN  (PA1001) : Dangling net 'DO_5[10]'(source:'Equal.mem_Equal.mem_0_6_s') in module '~fifo.video_fifo' has no destination
WARN  (PA1001) : Dangling net 'DO_5[11]'(source:'Equal.mem_Equal.mem_0_6_s') in module '~fifo.video_fifo' has no destination
WARN  (PA1001) : Dangling net 'DO_5[12]'(source:'Equal.mem_Equal.mem_0_6_s') in module '~fifo.video_fifo' has no destination
WARN  (PA1001) : Dangling net 'DO_5[13]'(source:'Equal.mem_Equal.mem_0_6_s') in module '~fifo.video_fifo' has no destination
WARN  (PA1001) : Dangling net 'DO_5[14]'(source:'Equal.mem_Equal.mem_0_6_s') in module '~fifo.video_fifo' has no destination
WARN  (PA1001) : Dangling net 'DO_5[15]'(source:'Equal.mem_Equal.mem_0_6_s') in module '~fifo.video_fifo' has no destination
WARN  (PA1001) : Dangling net 'DO_5[16]'(source:'Equal.mem_Equal.mem_0_6_s') in module '~fifo.video_fifo' has no destination
WARN  (PA1001) : Dangling net 'DO_5[17]'(source:'Equal.mem_Equal.mem_0_6_s') in module '~fifo.video_fifo' has no destination
WARN  (PA1001) : Dangling net 'DO_5[18]'(source:'Equal.mem_Equal.mem_0_6_s') in module '~fifo.video_fifo' has no destination
WARN  (PA1001) : Dangling net 'DO_5[19]'(source:'Equal.mem_Equal.mem_0_6_s') in module '~fifo.video_fifo' has no destination
WARN  (PA1001) : Dangling net 'DO_5[20]'(source:'Equal.mem_Equal.mem_0_6_s') in module '~fifo.video_fifo' has no destination
WARN  (PA1001) : Dangling net 'DO_5[21]'(source:'Equal.mem_Equal.mem_0_6_s') in module '~fifo.video_fifo' has no destination
WARN  (PA1001) : Dangling net 'DO_5[22]'(source:'Equal.mem_Equal.mem_0_6_s') in module '~fifo.video_fifo' has no destination
WARN  (PA1001) : Dangling net 'DO_5[23]'(source:'Equal.mem_Equal.mem_0_6_s') in module '~fifo.video_fifo' has no destination
WARN  (PA1001) : Dangling net 'DO_5[24]'(source:'Equal.mem_Equal.mem_0_6_s') in module '~fifo.video_fifo' has no destination
WARN  (PA1001) : Dangling net 'DO_5[25]'(source:'Equal.mem_Equal.mem_0_6_s') in module '~fifo.video_fifo' has no destination
WARN  (PA1001) : Dangling net 'DO_5[26]'(source:'Equal.mem_Equal.mem_0_6_s') in module '~fifo.video_fifo' has no destination
WARN  (PA1001) : Dangling net 'DO_5[27]'(source:'Equal.mem_Equal.mem_0_6_s') in module '~fifo.video_fifo' has no destination
WARN  (PA1001) : Dangling net 'DO_5[28]'(source:'Equal.mem_Equal.mem_0_6_s') in module '~fifo.video_fifo' has no destination
WARN  (PA1001) : Dangling net 'DO_5[29]'(source:'Equal.mem_Equal.mem_0_6_s') in module '~fifo.video_fifo' has no destination
WARN  (PA1001) : Dangling net 'DO_5[30]'(source:'Equal.mem_Equal.mem_0_6_s') in module '~fifo.video_fifo' has no destination
WARN  (PA1001) : Dangling net 'DO_5[31]'(source:'Equal.mem_Equal.mem_0_6_s') in module '~fifo.video_fifo' has no destination
WARN  (PA1001) : Dangling net 'DO_6[1]'(source:'Equal.mem_Equal.mem_0_7_s') in module '~fifo.video_fifo' has no destination
WARN  (PA1001) : Dangling net 'DO_6[2]'(source:'Equal.mem_Equal.mem_0_7_s') in module '~fifo.video_fifo' has no destination
WARN  (PA1001) : Dangling net 'DO_6[3]'(source:'Equal.mem_Equal.mem_0_7_s') in module '~fifo.video_fifo' has no destination
WARN  (PA1001) : Dangling net 'DO_6[4]'(source:'Equal.mem_Equal.mem_0_7_s') in module '~fifo.video_fifo' has no destination
WARN  (PA1001) : Dangling net 'DO_6[5]'(source:'Equal.mem_Equal.mem_0_7_s') in module '~fifo.video_fifo' has no destination
WARN  (PA1001) : Dangling net 'DO_6[6]'(source:'Equal.mem_Equal.mem_0_7_s') in module '~fifo.video_fifo' has no destination
WARN  (PA1001) : Dangling net 'DO_6[7]'(source:'Equal.mem_Equal.mem_0_7_s') in module '~fifo.video_fifo' has no destination
WARN  (PA1001) : Dangling net 'DO_6[8]'(source:'Equal.mem_Equal.mem_0_7_s') in module '~fifo.video_fifo' has no destination
WARN  (PA1001) : Dangling net 'DO_6[9]'(source:'Equal.mem_Equal.mem_0_7_s') in module '~fifo.video_fifo' has no destination
WARN  (PA1001) : Dangling net 'DO_6[10]'(source:'Equal.mem_Equal.mem_0_7_s') in module '~fifo.video_fifo' has no destination
WARN  (PA1001) : Dangling net 'DO_6[11]'(source:'Equal.mem_Equal.mem_0_7_s') in module '~fifo.video_fifo' has no destination
WARN  (PA1001) : Dangling net 'DO_6[12]'(source:'Equal.mem_Equal.mem_0_7_s') in module '~fifo.video_fifo' has no destination
WARN  (PA1001) : Dangling net 'DO_6[13]'(source:'Equal.mem_Equal.mem_0_7_s') in module '~fifo.video_fifo' has no destination
WARN  (PA1001) : Dangling net 'DO_6[14]'(source:'Equal.mem_Equal.mem_0_7_s') in module '~fifo.video_fifo' has no destination
WARN  (PA1001) : Dangling net 'DO_6[15]'(source:'Equal.mem_Equal.mem_0_7_s') in module '~fifo.video_fifo' has no destination
WARN  (PA1001) : Dangling net 'DO_6[16]'(source:'Equal.mem_Equal.mem_0_7_s') in module '~fifo.video_fifo' has no destination
WARN  (PA1001) : Dangling net 'DO_6[17]'(source:'Equal.mem_Equal.mem_0_7_s') in module '~fifo.video_fifo' has no destination
WARN  (PA1001) : Dangling net 'DO_6[18]'(source:'Equal.mem_Equal.mem_0_7_s') in module '~fifo.video_fifo' has no destination
WARN  (PA1001) : Dangling net 'DO_6[19]'(source:'Equal.mem_Equal.mem_0_7_s') in module '~fifo.video_fifo' has no destination
WARN  (PA1001) : Dangling net 'DO_6[20]'(source:'Equal.mem_Equal.mem_0_7_s') in module '~fifo.video_fifo' has no destination
WARN  (PA1001) : Dangling net 'DO_6[21]'(source:'Equal.mem_Equal.mem_0_7_s') in module '~fifo.video_fifo' has no destination
WARN  (PA1001) : Dangling net 'DO_6[22]'(source:'Equal.mem_Equal.mem_0_7_s') in module '~fifo.video_fifo' has no destination
WARN  (PA1001) : Dangling net 'DO_6[23]'(source:'Equal.mem_Equal.mem_0_7_s') in module '~fifo.video_fifo' has no destination
WARN  (PA1001) : Dangling net 'DO_6[24]'(source:'Equal.mem_Equal.mem_0_7_s') in module '~fifo.video_fifo' has no destination
WARN  (PA1001) : Dangling net 'DO_6[25]'(source:'Equal.mem_Equal.mem_0_7_s') in module '~fifo.video_fifo' has no destination
WARN  (PA1001) : Dangling net 'DO_6[26]'(source:'Equal.mem_Equal.mem_0_7_s') in module '~fifo.video_fifo' has no destination
WARN  (PA1001) : Dangling net 'DO_6[27]'(source:'Equal.mem_Equal.mem_0_7_s') in module '~fifo.video_fifo' has no destination
WARN  (PA1001) : Dangling net 'DO_6[28]'(source:'Equal.mem_Equal.mem_0_7_s') in module '~fifo.video_fifo' has no destination
WARN  (PA1001) : Dangling net 'DO_6[29]'(source:'Equal.mem_Equal.mem_0_7_s') in module '~fifo.video_fifo' has no destination
WARN  (PA1001) : Dangling net 'DO_6[30]'(source:'Equal.mem_Equal.mem_0_7_s') in module '~fifo.video_fifo' has no destination
WARN  (PA1001) : Dangling net 'DO_6[31]'(source:'Equal.mem_Equal.mem_0_7_s') in module '~fifo.video_fifo' has no destination
WARN  (PA1001) : Dangling net 'DO_7[1]'(source:'Equal.mem_Equal.mem_0_8_s') in module '~fifo.video_fifo' has no destination
WARN  (PA1001) : Dangling net 'DO_7[2]'(source:'Equal.mem_Equal.mem_0_8_s') in module '~fifo.video_fifo' has no destination
WARN  (PA1001) : Dangling net 'DO_7[3]'(source:'Equal.mem_Equal.mem_0_8_s') in module '~fifo.video_fifo' has no destination
WARN  (PA1001) : Dangling net 'DO_7[4]'(source:'Equal.mem_Equal.mem_0_8_s') in module '~fifo.video_fifo' has no destination
WARN  (PA1001) : Dangling net 'DO_7[5]'(source:'Equal.mem_Equal.mem_0_8_s') in module '~fifo.video_fifo' has no destination
WARN  (PA1001) : Dangling net 'DO_7[6]'(source:'Equal.mem_Equal.mem_0_8_s') in module '~fifo.video_fifo' has no destination
WARN  (PA1001) : Dangling net 'DO_7[7]'(source:'Equal.mem_Equal.mem_0_8_s') in module '~fifo.video_fifo' has no destination
WARN  (PA1001) : Dangling net 'DO_7[8]'(source:'Equal.mem_Equal.mem_0_8_s') in module '~fifo.video_fifo' has no destination
WARN  (PA1001) : Dangling net 'DO_7[9]'(source:'Equal.mem_Equal.mem_0_8_s') in module '~fifo.video_fifo' has no destination
WARN  (PA1001) : Dangling net 'DO_7[10]'(source:'Equal.mem_Equal.mem_0_8_s') in module '~fifo.video_fifo' has no destination
WARN  (PA1001) : Dangling net 'DO_7[11]'(source:'Equal.mem_Equal.mem_0_8_s') in module '~fifo.video_fifo' has no destination
WARN  (PA1001) : Dangling net 'DO_7[12]'(source:'Equal.mem_Equal.mem_0_8_s') in module '~fifo.video_fifo' has no destination
WARN  (PA1001) : Dangling net 'DO_7[13]'(source:'Equal.mem_Equal.mem_0_8_s') in module '~fifo.video_fifo' has no destination
WARN  (PA1001) : Dangling net 'DO_7[14]'(source:'Equal.mem_Equal.mem_0_8_s') in module '~fifo.video_fifo' has no destination
WARN  (PA1001) : Dangling net 'DO_7[15]'(source:'Equal.mem_Equal.mem_0_8_s') in module '~fifo.video_fifo' has no destination
WARN  (PA1001) : Dangling net 'DO_7[16]'(source:'Equal.mem_Equal.mem_0_8_s') in module '~fifo.video_fifo' has no destination
WARN  (PA1001) : Dangling net 'DO_7[17]'(source:'Equal.mem_Equal.mem_0_8_s') in module '~fifo.video_fifo' has no destination
WARN  (PA1001) : Dangling net 'DO_7[18]'(source:'Equal.mem_Equal.mem_0_8_s') in module '~fifo.video_fifo' has no destination
WARN  (PA1001) : Dangling net 'DO_7[19]'(source:'Equal.mem_Equal.mem_0_8_s') in module '~fifo.video_fifo' has no destination
WARN  (PA1001) : Dangling net 'DO_7[20]'(source:'Equal.mem_Equal.mem_0_8_s') in module '~fifo.video_fifo' has no destination
WARN  (PA1001) : Dangling net 'DO_7[21]'(source:'Equal.mem_Equal.mem_0_8_s') in module '~fifo.video_fifo' has no destination
WARN  (PA1001) : Dangling net 'DO_7[22]'(source:'Equal.mem_Equal.mem_0_8_s') in module '~fifo.video_fifo' has no destination
WARN  (PA1001) : Dangling net 'DO_7[23]'(source:'Equal.mem_Equal.mem_0_8_s') in module '~fifo.video_fifo' has no destination
WARN  (PA1001) : Dangling net 'DO_7[24]'(source:'Equal.mem_Equal.mem_0_8_s') in module '~fifo.video_fifo' has no destination
WARN  (PA1001) : Dangling net 'DO_7[25]'(source:'Equal.mem_Equal.mem_0_8_s') in module '~fifo.video_fifo' has no destination
WARN  (PA1001) : Dangling net 'DO_7[26]'(source:'Equal.mem_Equal.mem_0_8_s') in module '~fifo.video_fifo' has no destination
WARN  (PA1001) : Dangling net 'DO_7[27]'(source:'Equal.mem_Equal.mem_0_8_s') in module '~fifo.video_fifo' has no destination
WARN  (PA1001) : Dangling net 'DO_7[28]'(source:'Equal.mem_Equal.mem_0_8_s') in module '~fifo.video_fifo' has no destination
WARN  (PA1001) : Dangling net 'DO_7[29]'(source:'Equal.mem_Equal.mem_0_8_s') in module '~fifo.video_fifo' has no destination
WARN  (PA1001) : Dangling net 'DO_7[30]'(source:'Equal.mem_Equal.mem_0_8_s') in module '~fifo.video_fifo' has no destination
WARN  (PA1001) : Dangling net 'DO_7[31]'(source:'Equal.mem_Equal.mem_0_8_s') in module '~fifo.video_fifo' has no destination
WARN  (PA1001) : Dangling net 'DO_8[1]'(source:'Equal.mem_Equal.mem_0_9_s') in module '~fifo.video_fifo' has no destination
WARN  (PA1001) : Dangling net 'DO_8[2]'(source:'Equal.mem_Equal.mem_0_9_s') in module '~fifo.video_fifo' has no destination
WARN  (PA1001) : Dangling net 'DO_8[3]'(source:'Equal.mem_Equal.mem_0_9_s') in module '~fifo.video_fifo' has no destination
WARN  (PA1001) : Dangling net 'DO_8[4]'(source:'Equal.mem_Equal.mem_0_9_s') in module '~fifo.video_fifo' has no destination
WARN  (PA1001) : Dangling net 'DO_8[5]'(source:'Equal.mem_Equal.mem_0_9_s') in module '~fifo.video_fifo' has no destination
WARN  (PA1001) : Dangling net 'DO_8[6]'(source:'Equal.mem_Equal.mem_0_9_s') in module '~fifo.video_fifo' has no destination
WARN  (PA1001) : Dangling net 'DO_8[7]'(source:'Equal.mem_Equal.mem_0_9_s') in module '~fifo.video_fifo' has no destination
WARN  (PA1001) : Dangling net 'DO_8[8]'(source:'Equal.mem_Equal.mem_0_9_s') in module '~fifo.video_fifo' has no destination
WARN  (PA1001) : Dangling net 'DO_8[9]'(source:'Equal.mem_Equal.mem_0_9_s') in module '~fifo.video_fifo' has no destination
WARN  (PA1001) : Dangling net 'DO_8[10]'(source:'Equal.mem_Equal.mem_0_9_s') in module '~fifo.video_fifo' has no destination
WARN  (PA1001) : Dangling net 'DO_8[11]'(source:'Equal.mem_Equal.mem_0_9_s') in module '~fifo.video_fifo' has no destination
WARN  (PA1001) : Dangling net 'DO_8[12]'(source:'Equal.mem_Equal.mem_0_9_s') in module '~fifo.video_fifo' has no destination
WARN  (PA1001) : Dangling net 'DO_8[13]'(source:'Equal.mem_Equal.mem_0_9_s') in module '~fifo.video_fifo' has no destination
WARN  (PA1001) : Dangling net 'DO_8[14]'(source:'Equal.mem_Equal.mem_0_9_s') in module '~fifo.video_fifo' has no destination
WARN  (PA1001) : Dangling net 'DO_8[15]'(source:'Equal.mem_Equal.mem_0_9_s') in module '~fifo.video_fifo' has no destination
WARN  (PA1001) : Dangling net 'DO_8[16]'(source:'Equal.mem_Equal.mem_0_9_s') in module '~fifo.video_fifo' has no destination
WARN  (PA1001) : Dangling net 'DO_8[17]'(source:'Equal.mem_Equal.mem_0_9_s') in module '~fifo.video_fifo' has no destination
WARN  (PA1001) : Dangling net 'DO_8[18]'(source:'Equal.mem_Equal.mem_0_9_s') in module '~fifo.video_fifo' has no destination
WARN  (PA1001) : Dangling net 'DO_8[19]'(source:'Equal.mem_Equal.mem_0_9_s') in module '~fifo.video_fifo' has no destination
WARN  (PA1001) : Dangling net 'DO_8[20]'(source:'Equal.mem_Equal.mem_0_9_s') in module '~fifo.video_fifo' has no destination
WARN  (PA1001) : Dangling net 'DO_8[21]'(source:'Equal.mem_Equal.mem_0_9_s') in module '~fifo.video_fifo' has no destination
WARN  (PA1001) : Dangling net 'DO_8[22]'(source:'Equal.mem_Equal.mem_0_9_s') in module '~fifo.video_fifo' has no destination
WARN  (PA1001) : Dangling net 'DO_8[23]'(source:'Equal.mem_Equal.mem_0_9_s') in module '~fifo.video_fifo' has no destination
WARN  (PA1001) : Dangling net 'DO_8[24]'(source:'Equal.mem_Equal.mem_0_9_s') in module '~fifo.video_fifo' has no destination
WARN  (PA1001) : Dangling net 'DO_8[25]'(source:'Equal.mem_Equal.mem_0_9_s') in module '~fifo.video_fifo' has no destination
WARN  (PA1001) : Dangling net 'DO_8[26]'(source:'Equal.mem_Equal.mem_0_9_s') in module '~fifo.video_fifo' has no destination
WARN  (PA1001) : Dangling net 'DO_8[27]'(source:'Equal.mem_Equal.mem_0_9_s') in module '~fifo.video_fifo' has no destination
WARN  (PA1001) : Dangling net 'DO_8[28]'(source:'Equal.mem_Equal.mem_0_9_s') in module '~fifo.video_fifo' has no destination
WARN  (PA1001) : Dangling net 'DO_8[29]'(source:'Equal.mem_Equal.mem_0_9_s') in module '~fifo.video_fifo' has no destination
WARN  (PA1001) : Dangling net 'DO_8[30]'(source:'Equal.mem_Equal.mem_0_9_s') in module '~fifo.video_fifo' has no destination
WARN  (PA1001) : Dangling net 'DO_8[31]'(source:'Equal.mem_Equal.mem_0_9_s') in module '~fifo.video_fifo' has no destination
WARN  (PA1001) : Dangling net 'DO_9[1]'(source:'Equal.mem_Equal.mem_0_10_s') in module '~fifo.video_fifo' has no destination
WARN  (PA1001) : Dangling net 'DO_9[2]'(source:'Equal.mem_Equal.mem_0_10_s') in module '~fifo.video_fifo' has no destination
WARN  (PA1001) : Dangling net 'DO_9[3]'(source:'Equal.mem_Equal.mem_0_10_s') in module '~fifo.video_fifo' has no destination
WARN  (PA1001) : Dangling net 'DO_9[4]'(source:'Equal.mem_Equal.mem_0_10_s') in module '~fifo.video_fifo' has no destination
WARN  (PA1001) : Dangling net 'DO_9[5]'(source:'Equal.mem_Equal.mem_0_10_s') in module '~fifo.video_fifo' has no destination
WARN  (PA1001) : Dangling net 'DO_9[6]'(source:'Equal.mem_Equal.mem_0_10_s') in module '~fifo.video_fifo' has no destination
WARN  (PA1001) : Dangling net 'DO_9[7]'(source:'Equal.mem_Equal.mem_0_10_s') in module '~fifo.video_fifo' has no destination
WARN  (PA1001) : Dangling net 'DO_9[8]'(source:'Equal.mem_Equal.mem_0_10_s') in module '~fifo.video_fifo' has no destination
WARN  (PA1001) : Dangling net 'DO_9[9]'(source:'Equal.mem_Equal.mem_0_10_s') in module '~fifo.video_fifo' has no destination
WARN  (PA1001) : Dangling net 'DO_9[10]'(source:'Equal.mem_Equal.mem_0_10_s') in module '~fifo.video_fifo' has no destination
WARN  (PA1001) : Dangling net 'DO_9[11]'(source:'Equal.mem_Equal.mem_0_10_s') in module '~fifo.video_fifo' has no destination
WARN  (PA1001) : Dangling net 'DO_9[12]'(source:'Equal.mem_Equal.mem_0_10_s') in module '~fifo.video_fifo' has no destination
WARN  (PA1001) : Dangling net 'DO_9[13]'(source:'Equal.mem_Equal.mem_0_10_s') in module '~fifo.video_fifo' has no destination
WARN  (PA1001) : Dangling net 'DO_9[14]'(source:'Equal.mem_Equal.mem_0_10_s') in module '~fifo.video_fifo' has no destination
WARN  (PA1001) : Dangling net 'DO_9[15]'(source:'Equal.mem_Equal.mem_0_10_s') in module '~fifo.video_fifo' has no destination
WARN  (PA1001) : Dangling net 'DO_9[16]'(source:'Equal.mem_Equal.mem_0_10_s') in module '~fifo.video_fifo' has no destination
WARN  (PA1001) : Dangling net 'DO_9[17]'(source:'Equal.mem_Equal.mem_0_10_s') in module '~fifo.video_fifo' has no destination
WARN  (PA1001) : Dangling net 'DO_9[18]'(source:'Equal.mem_Equal.mem_0_10_s') in module '~fifo.video_fifo' has no destination
WARN  (PA1001) : Dangling net 'DO_9[19]'(source:'Equal.mem_Equal.mem_0_10_s') in module '~fifo.video_fifo' has no destination
WARN  (PA1001) : Dangling net 'DO_9[20]'(source:'Equal.mem_Equal.mem_0_10_s') in module '~fifo.video_fifo' has no destination
WARN  (PA1001) : Dangling net 'DO_9[21]'(source:'Equal.mem_Equal.mem_0_10_s') in module '~fifo.video_fifo' has no destination
WARN  (PA1001) : Dangling net 'DO_9[22]'(source:'Equal.mem_Equal.mem_0_10_s') in module '~fifo.video_fifo' has no destination
WARN  (PA1001) : Dangling net 'DO_9[23]'(source:'Equal.mem_Equal.mem_0_10_s') in module '~fifo.video_fifo' has no destination
WARN  (PA1001) : Dangling net 'DO_9[24]'(source:'Equal.mem_Equal.mem_0_10_s') in module '~fifo.video_fifo' has no destination
WARN  (PA1001) : Dangling net 'DO_9[25]'(source:'Equal.mem_Equal.mem_0_10_s') in module '~fifo.video_fifo' has no destination
WARN  (PA1001) : Dangling net 'DO_9[26]'(source:'Equal.mem_Equal.mem_0_10_s') in module '~fifo.video_fifo' has no destination
WARN  (PA1001) : Dangling net 'DO_9[27]'(source:'Equal.mem_Equal.mem_0_10_s') in module '~fifo.video_fifo' has no destination
WARN  (PA1001) : Dangling net 'DO_9[28]'(source:'Equal.mem_Equal.mem_0_10_s') in module '~fifo.video_fifo' has no destination
WARN  (PA1001) : Dangling net 'DO_9[29]'(source:'Equal.mem_Equal.mem_0_10_s') in module '~fifo.video_fifo' has no destination
WARN  (PA1001) : Dangling net 'DO_9[30]'(source:'Equal.mem_Equal.mem_0_10_s') in module '~fifo.video_fifo' has no destination
WARN  (PA1001) : Dangling net 'DO_9[31]'(source:'Equal.mem_Equal.mem_0_10_s') in module '~fifo.video_fifo' has no destination
WARN  (PA1001) : Dangling net 'DO_10[1]'(source:'Equal.mem_Equal.mem_0_11_s') in module '~fifo.video_fifo' has no destination
WARN  (PA1001) : Dangling net 'DO_10[2]'(source:'Equal.mem_Equal.mem_0_11_s') in module '~fifo.video_fifo' has no destination
WARN  (PA1001) : Dangling net 'DO_10[3]'(source:'Equal.mem_Equal.mem_0_11_s') in module '~fifo.video_fifo' has no destination
WARN  (PA1001) : Dangling net 'DO_10[4]'(source:'Equal.mem_Equal.mem_0_11_s') in module '~fifo.video_fifo' has no destination
WARN  (PA1001) : Dangling net 'DO_10[5]'(source:'Equal.mem_Equal.mem_0_11_s') in module '~fifo.video_fifo' has no destination
WARN  (PA1001) : Dangling net 'DO_10[6]'(source:'Equal.mem_Equal.mem_0_11_s') in module '~fifo.video_fifo' has no destination
WARN  (PA1001) : Dangling net 'DO_10[7]'(source:'Equal.mem_Equal.mem_0_11_s') in module '~fifo.video_fifo' has no destination
WARN  (PA1001) : Dangling net 'DO_10[8]'(source:'Equal.mem_Equal.mem_0_11_s') in module '~fifo.video_fifo' has no destination
WARN  (PA1001) : Dangling net 'DO_10[9]'(source:'Equal.mem_Equal.mem_0_11_s') in module '~fifo.video_fifo' has no destination
WARN  (PA1001) : Dangling net 'DO_10[10]'(source:'Equal.mem_Equal.mem_0_11_s') in module '~fifo.video_fifo' has no destination
WARN  (PA1001) : Dangling net 'DO_10[11]'(source:'Equal.mem_Equal.mem_0_11_s') in module '~fifo.video_fifo' has no destination
WARN  (PA1001) : Dangling net 'DO_10[12]'(source:'Equal.mem_Equal.mem_0_11_s') in module '~fifo.video_fifo' has no destination
WARN  (PA1001) : Dangling net 'DO_10[13]'(source:'Equal.mem_Equal.mem_0_11_s') in module '~fifo.video_fifo' has no destination
WARN  (PA1001) : Dangling net 'DO_10[14]'(source:'Equal.mem_Equal.mem_0_11_s') in module '~fifo.video_fifo' has no destination
WARN  (PA1001) : Dangling net 'DO_10[15]'(source:'Equal.mem_Equal.mem_0_11_s') in module '~fifo.video_fifo' has no destination
WARN  (PA1001) : Dangling net 'DO_10[16]'(source:'Equal.mem_Equal.mem_0_11_s') in module '~fifo.video_fifo' has no destination
WARN  (PA1001) : Dangling net 'DO_10[17]'(source:'Equal.mem_Equal.mem_0_11_s') in module '~fifo.video_fifo' has no destination
WARN  (PA1001) : Dangling net 'DO_10[18]'(source:'Equal.mem_Equal.mem_0_11_s') in module '~fifo.video_fifo' has no destination
WARN  (PA1001) : Dangling net 'DO_10[19]'(source:'Equal.mem_Equal.mem_0_11_s') in module '~fifo.video_fifo' has no destination
WARN  (PA1001) : Dangling net 'DO_10[20]'(source:'Equal.mem_Equal.mem_0_11_s') in module '~fifo.video_fifo' has no destination
WARN  (PA1001) : Dangling net 'DO_10[21]'(source:'Equal.mem_Equal.mem_0_11_s') in module '~fifo.video_fifo' has no destination
WARN  (PA1001) : Dangling net 'DO_10[22]'(source:'Equal.mem_Equal.mem_0_11_s') in module '~fifo.video_fifo' has no destination
WARN  (PA1001) : Dangling net 'DO_10[23]'(source:'Equal.mem_Equal.mem_0_11_s') in module '~fifo.video_fifo' has no destination
WARN  (PA1001) : Dangling net 'DO_10[24]'(source:'Equal.mem_Equal.mem_0_11_s') in module '~fifo.video_fifo' has no destination
WARN  (PA1001) : Dangling net 'DO_10[25]'(source:'Equal.mem_Equal.mem_0_11_s') in module '~fifo.video_fifo' has no destination
WARN  (PA1001) : Dangling net 'DO_10[26]'(source:'Equal.mem_Equal.mem_0_11_s') in module '~fifo.video_fifo' has no destination
WARN  (PA1001) : Dangling net 'DO_10[27]'(source:'Equal.mem_Equal.mem_0_11_s') in module '~fifo.video_fifo' has no destination
WARN  (PA1001) : Dangling net 'DO_10[28]'(source:'Equal.mem_Equal.mem_0_11_s') in module '~fifo.video_fifo' has no destination
WARN  (PA1001) : Dangling net 'DO_10[29]'(source:'Equal.mem_Equal.mem_0_11_s') in module '~fifo.video_fifo' has no destination
WARN  (PA1001) : Dangling net 'DO_10[30]'(source:'Equal.mem_Equal.mem_0_11_s') in module '~fifo.video_fifo' has no destination
WARN  (PA1001) : Dangling net 'DO_10[31]'(source:'Equal.mem_Equal.mem_0_11_s') in module '~fifo.video_fifo' has no destination
WARN  (PA1001) : Dangling net 'DO_11[1]'(source:'Equal.mem_Equal.mem_0_12_s') in module '~fifo.video_fifo' has no destination
WARN  (PA1001) : Dangling net 'DO_11[2]'(source:'Equal.mem_Equal.mem_0_12_s') in module '~fifo.video_fifo' has no destination
WARN  (PA1001) : Dangling net 'DO_11[3]'(source:'Equal.mem_Equal.mem_0_12_s') in module '~fifo.video_fifo' has no destination
WARN  (PA1001) : Dangling net 'DO_11[4]'(source:'Equal.mem_Equal.mem_0_12_s') in module '~fifo.video_fifo' has no destination
WARN  (PA1001) : Dangling net 'DO_11[5]'(source:'Equal.mem_Equal.mem_0_12_s') in module '~fifo.video_fifo' has no destination
WARN  (PA1001) : Dangling net 'DO_11[6]'(source:'Equal.mem_Equal.mem_0_12_s') in module '~fifo.video_fifo' has no destination
WARN  (PA1001) : Dangling net 'DO_11[7]'(source:'Equal.mem_Equal.mem_0_12_s') in module '~fifo.video_fifo' has no destination
WARN  (PA1001) : Dangling net 'DO_11[8]'(source:'Equal.mem_Equal.mem_0_12_s') in module '~fifo.video_fifo' has no destination
WARN  (PA1001) : Dangling net 'DO_11[9]'(source:'Equal.mem_Equal.mem_0_12_s') in module '~fifo.video_fifo' has no destination
WARN  (PA1001) : Dangling net 'DO_11[10]'(source:'Equal.mem_Equal.mem_0_12_s') in module '~fifo.video_fifo' has no destination
WARN  (PA1001) : Dangling net 'DO_11[11]'(source:'Equal.mem_Equal.mem_0_12_s') in module '~fifo.video_fifo' has no destination
WARN  (PA1001) : Dangling net 'DO_11[12]'(source:'Equal.mem_Equal.mem_0_12_s') in module '~fifo.video_fifo' has no destination
WARN  (PA1001) : Dangling net 'DO_11[13]'(source:'Equal.mem_Equal.mem_0_12_s') in module '~fifo.video_fifo' has no destination
WARN  (PA1001) : Dangling net 'DO_11[14]'(source:'Equal.mem_Equal.mem_0_12_s') in module '~fifo.video_fifo' has no destination
WARN  (PA1001) : Dangling net 'DO_11[15]'(source:'Equal.mem_Equal.mem_0_12_s') in module '~fifo.video_fifo' has no destination
WARN  (PA1001) : Dangling net 'DO_11[16]'(source:'Equal.mem_Equal.mem_0_12_s') in module '~fifo.video_fifo' has no destination
WARN  (PA1001) : Dangling net 'DO_11[17]'(source:'Equal.mem_Equal.mem_0_12_s') in module '~fifo.video_fifo' has no destination
WARN  (PA1001) : Dangling net 'DO_11[18]'(source:'Equal.mem_Equal.mem_0_12_s') in module '~fifo.video_fifo' has no destination
WARN  (PA1001) : Dangling net 'DO_11[19]'(source:'Equal.mem_Equal.mem_0_12_s') in module '~fifo.video_fifo' has no destination
WARN  (PA1001) : Dangling net 'DO_11[20]'(source:'Equal.mem_Equal.mem_0_12_s') in module '~fifo.video_fifo' has no destination
WARN  (PA1001) : Dangling net 'DO_11[21]'(source:'Equal.mem_Equal.mem_0_12_s') in module '~fifo.video_fifo' has no destination
WARN  (PA1001) : Dangling net 'DO_11[22]'(source:'Equal.mem_Equal.mem_0_12_s') in module '~fifo.video_fifo' has no destination
WARN  (PA1001) : Dangling net 'DO_11[23]'(source:'Equal.mem_Equal.mem_0_12_s') in module '~fifo.video_fifo' has no destination
WARN  (PA1001) : Dangling net 'DO_11[24]'(source:'Equal.mem_Equal.mem_0_12_s') in module '~fifo.video_fifo' has no destination
WARN  (PA1001) : Dangling net 'DO_11[25]'(source:'Equal.mem_Equal.mem_0_12_s') in module '~fifo.video_fifo' has no destination
WARN  (PA1001) : Dangling net 'DO_11[26]'(source:'Equal.mem_Equal.mem_0_12_s') in module '~fifo.video_fifo' has no destination
WARN  (PA1001) : Dangling net 'DO_11[27]'(source:'Equal.mem_Equal.mem_0_12_s') in module '~fifo.video_fifo' has no destination
WARN  (PA1001) : Dangling net 'DO_11[28]'(source:'Equal.mem_Equal.mem_0_12_s') in module '~fifo.video_fifo' has no destination
WARN  (PA1001) : Dangling net 'DO_11[29]'(source:'Equal.mem_Equal.mem_0_12_s') in module '~fifo.video_fifo' has no destination
WARN  (PA1001) : Dangling net 'DO_11[30]'(source:'Equal.mem_Equal.mem_0_12_s') in module '~fifo.video_fifo' has no destination
WARN  (PA1001) : Dangling net 'DO_11[31]'(source:'Equal.mem_Equal.mem_0_12_s') in module '~fifo.video_fifo' has no destination
WARN  (PA1001) : Dangling net 'DO_12[1]'(source:'Equal.mem_Equal.mem_0_13_s') in module '~fifo.video_fifo' has no destination
WARN  (PA1001) : Dangling net 'DO_12[2]'(source:'Equal.mem_Equal.mem_0_13_s') in module '~fifo.video_fifo' has no destination
WARN  (PA1001) : Dangling net 'DO_12[3]'(source:'Equal.mem_Equal.mem_0_13_s') in module '~fifo.video_fifo' has no destination
WARN  (PA1001) : Dangling net 'DO_12[4]'(source:'Equal.mem_Equal.mem_0_13_s') in module '~fifo.video_fifo' has no destination
WARN  (PA1001) : Dangling net 'DO_12[5]'(source:'Equal.mem_Equal.mem_0_13_s') in module '~fifo.video_fifo' has no destination
WARN  (PA1001) : Dangling net 'DO_12[6]'(source:'Equal.mem_Equal.mem_0_13_s') in module '~fifo.video_fifo' has no destination
WARN  (PA1001) : Dangling net 'DO_12[7]'(source:'Equal.mem_Equal.mem_0_13_s') in module '~fifo.video_fifo' has no destination
WARN  (PA1001) : Dangling net 'DO_12[8]'(source:'Equal.mem_Equal.mem_0_13_s') in module '~fifo.video_fifo' has no destination
WARN  (PA1001) : Dangling net 'DO_12[9]'(source:'Equal.mem_Equal.mem_0_13_s') in module '~fifo.video_fifo' has no destination
WARN  (PA1001) : Dangling net 'DO_12[10]'(source:'Equal.mem_Equal.mem_0_13_s') in module '~fifo.video_fifo' has no destination
WARN  (PA1001) : Dangling net 'DO_12[11]'(source:'Equal.mem_Equal.mem_0_13_s') in module '~fifo.video_fifo' has no destination
WARN  (PA1001) : Dangling net 'DO_12[12]'(source:'Equal.mem_Equal.mem_0_13_s') in module '~fifo.video_fifo' has no destination
WARN  (PA1001) : Dangling net 'DO_12[13]'(source:'Equal.mem_Equal.mem_0_13_s') in module '~fifo.video_fifo' has no destination
WARN  (PA1001) : Dangling net 'DO_12[14]'(source:'Equal.mem_Equal.mem_0_13_s') in module '~fifo.video_fifo' has no destination
WARN  (PA1001) : Dangling net 'DO_12[15]'(source:'Equal.mem_Equal.mem_0_13_s') in module '~fifo.video_fifo' has no destination
WARN  (PA1001) : Dangling net 'DO_12[16]'(source:'Equal.mem_Equal.mem_0_13_s') in module '~fifo.video_fifo' has no destination
WARN  (PA1001) : Dangling net 'DO_12[17]'(source:'Equal.mem_Equal.mem_0_13_s') in module '~fifo.video_fifo' has no destination
WARN  (PA1001) : Dangling net 'DO_12[18]'(source:'Equal.mem_Equal.mem_0_13_s') in module '~fifo.video_fifo' has no destination
WARN  (PA1001) : Dangling net 'DO_12[19]'(source:'Equal.mem_Equal.mem_0_13_s') in module '~fifo.video_fifo' has no destination
WARN  (PA1001) : Dangling net 'DO_12[20]'(source:'Equal.mem_Equal.mem_0_13_s') in module '~fifo.video_fifo' has no destination
WARN  (PA1001) : Dangling net 'DO_12[21]'(source:'Equal.mem_Equal.mem_0_13_s') in module '~fifo.video_fifo' has no destination
WARN  (PA1001) : Dangling net 'DO_12[22]'(source:'Equal.mem_Equal.mem_0_13_s') in module '~fifo.video_fifo' has no destination
WARN  (PA1001) : Dangling net 'DO_12[23]'(source:'Equal.mem_Equal.mem_0_13_s') in module '~fifo.video_fifo' has no destination
WARN  (PA1001) : Dangling net 'DO_12[24]'(source:'Equal.mem_Equal.mem_0_13_s') in module '~fifo.video_fifo' has no destination
WARN  (PA1001) : Dangling net 'DO_12[25]'(source:'Equal.mem_Equal.mem_0_13_s') in module '~fifo.video_fifo' has no destination
WARN  (PA1001) : Dangling net 'DO_12[26]'(source:'Equal.mem_Equal.mem_0_13_s') in module '~fifo.video_fifo' has no destination
WARN  (PA1001) : Dangling net 'DO_12[27]'(source:'Equal.mem_Equal.mem_0_13_s') in module '~fifo.video_fifo' has no destination
WARN  (PA1001) : Dangling net 'DO_12[28]'(source:'Equal.mem_Equal.mem_0_13_s') in module '~fifo.video_fifo' has no destination
WARN  (PA1001) : Dangling net 'DO_12[29]'(source:'Equal.mem_Equal.mem_0_13_s') in module '~fifo.video_fifo' has no destination
WARN  (PA1001) : Dangling net 'DO_12[30]'(source:'Equal.mem_Equal.mem_0_13_s') in module '~fifo.video_fifo' has no destination
WARN  (PA1001) : Dangling net 'DO_12[31]'(source:'Equal.mem_Equal.mem_0_13_s') in module '~fifo.video_fifo' has no destination
WARN  (PA1001) : Dangling net 'DO_13[1]'(source:'Equal.mem_Equal.mem_0_14_s') in module '~fifo.video_fifo' has no destination
WARN  (PA1001) : Dangling net 'DO_13[2]'(source:'Equal.mem_Equal.mem_0_14_s') in module '~fifo.video_fifo' has no destination
WARN  (PA1001) : Dangling net 'DO_13[3]'(source:'Equal.mem_Equal.mem_0_14_s') in module '~fifo.video_fifo' has no destination
WARN  (PA1001) : Dangling net 'DO_13[4]'(source:'Equal.mem_Equal.mem_0_14_s') in module '~fifo.video_fifo' has no destination
WARN  (PA1001) : Dangling net 'DO_13[5]'(source:'Equal.mem_Equal.mem_0_14_s') in module '~fifo.video_fifo' has no destination
WARN  (PA1001) : Dangling net 'DO_13[6]'(source:'Equal.mem_Equal.mem_0_14_s') in module '~fifo.video_fifo' has no destination
WARN  (PA1001) : Dangling net 'DO_13[7]'(source:'Equal.mem_Equal.mem_0_14_s') in module '~fifo.video_fifo' has no destination
WARN  (PA1001) : Dangling net 'DO_13[8]'(source:'Equal.mem_Equal.mem_0_14_s') in module '~fifo.video_fifo' has no destination
WARN  (PA1001) : Dangling net 'DO_13[9]'(source:'Equal.mem_Equal.mem_0_14_s') in module '~fifo.video_fifo' has no destination
WARN  (PA1001) : Dangling net 'DO_13[10]'(source:'Equal.mem_Equal.mem_0_14_s') in module '~fifo.video_fifo' has no destination
WARN  (PA1001) : Dangling net 'DO_13[11]'(source:'Equal.mem_Equal.mem_0_14_s') in module '~fifo.video_fifo' has no destination
WARN  (PA1001) : Dangling net 'DO_13[12]'(source:'Equal.mem_Equal.mem_0_14_s') in module '~fifo.video_fifo' has no destination
WARN  (PA1001) : Dangling net 'DO_13[13]'(source:'Equal.mem_Equal.mem_0_14_s') in module '~fifo.video_fifo' has no destination
WARN  (PA1001) : Dangling net 'DO_13[14]'(source:'Equal.mem_Equal.mem_0_14_s') in module '~fifo.video_fifo' has no destination
WARN  (PA1001) : Dangling net 'DO_13[15]'(source:'Equal.mem_Equal.mem_0_14_s') in module '~fifo.video_fifo' has no destination
WARN  (PA1001) : Dangling net 'DO_13[16]'(source:'Equal.mem_Equal.mem_0_14_s') in module '~fifo.video_fifo' has no destination
WARN  (PA1001) : Dangling net 'DO_13[17]'(source:'Equal.mem_Equal.mem_0_14_s') in module '~fifo.video_fifo' has no destination
WARN  (PA1001) : Dangling net 'DO_13[18]'(source:'Equal.mem_Equal.mem_0_14_s') in module '~fifo.video_fifo' has no destination
WARN  (PA1001) : Dangling net 'DO_13[19]'(source:'Equal.mem_Equal.mem_0_14_s') in module '~fifo.video_fifo' has no destination
WARN  (PA1001) : Dangling net 'DO_13[20]'(source:'Equal.mem_Equal.mem_0_14_s') in module '~fifo.video_fifo' has no destination
WARN  (PA1001) : Dangling net 'DO_13[21]'(source:'Equal.mem_Equal.mem_0_14_s') in module '~fifo.video_fifo' has no destination
WARN  (PA1001) : Dangling net 'DO_13[22]'(source:'Equal.mem_Equal.mem_0_14_s') in module '~fifo.video_fifo' has no destination
WARN  (PA1001) : Dangling net 'DO_13[23]'(source:'Equal.mem_Equal.mem_0_14_s') in module '~fifo.video_fifo' has no destination
WARN  (PA1001) : Dangling net 'DO_13[24]'(source:'Equal.mem_Equal.mem_0_14_s') in module '~fifo.video_fifo' has no destination
WARN  (PA1001) : Dangling net 'DO_13[25]'(source:'Equal.mem_Equal.mem_0_14_s') in module '~fifo.video_fifo' has no destination
WARN  (PA1001) : Dangling net 'DO_13[26]'(source:'Equal.mem_Equal.mem_0_14_s') in module '~fifo.video_fifo' has no destination
WARN  (PA1001) : Dangling net 'DO_13[27]'(source:'Equal.mem_Equal.mem_0_14_s') in module '~fifo.video_fifo' has no destination
WARN  (PA1001) : Dangling net 'DO_13[28]'(source:'Equal.mem_Equal.mem_0_14_s') in module '~fifo.video_fifo' has no destination
WARN  (PA1001) : Dangling net 'DO_13[29]'(source:'Equal.mem_Equal.mem_0_14_s') in module '~fifo.video_fifo' has no destination
WARN  (PA1001) : Dangling net 'DO_13[30]'(source:'Equal.mem_Equal.mem_0_14_s') in module '~fifo.video_fifo' has no destination
WARN  (PA1001) : Dangling net 'DO_13[31]'(source:'Equal.mem_Equal.mem_0_14_s') in module '~fifo.video_fifo' has no destination
WARN  (PA1001) : Dangling net 'DO_14[1]'(source:'Equal.mem_Equal.mem_0_15_s') in module '~fifo.video_fifo' has no destination
WARN  (PA1001) : Dangling net 'DO_14[2]'(source:'Equal.mem_Equal.mem_0_15_s') in module '~fifo.video_fifo' has no destination
WARN  (PA1001) : Dangling net 'DO_14[3]'(source:'Equal.mem_Equal.mem_0_15_s') in module '~fifo.video_fifo' has no destination
WARN  (PA1001) : Dangling net 'DO_14[4]'(source:'Equal.mem_Equal.mem_0_15_s') in module '~fifo.video_fifo' has no destination
WARN  (PA1001) : Dangling net 'DO_14[5]'(source:'Equal.mem_Equal.mem_0_15_s') in module '~fifo.video_fifo' has no destination
WARN  (PA1001) : Dangling net 'DO_14[6]'(source:'Equal.mem_Equal.mem_0_15_s') in module '~fifo.video_fifo' has no destination
WARN  (PA1001) : Dangling net 'DO_14[7]'(source:'Equal.mem_Equal.mem_0_15_s') in module '~fifo.video_fifo' has no destination
WARN  (PA1001) : Dangling net 'DO_14[8]'(source:'Equal.mem_Equal.mem_0_15_s') in module '~fifo.video_fifo' has no destination
WARN  (PA1001) : Dangling net 'DO_14[9]'(source:'Equal.mem_Equal.mem_0_15_s') in module '~fifo.video_fifo' has no destination
WARN  (PA1001) : Dangling net 'DO_14[10]'(source:'Equal.mem_Equal.mem_0_15_s') in module '~fifo.video_fifo' has no destination
WARN  (PA1001) : Dangling net 'DO_14[11]'(source:'Equal.mem_Equal.mem_0_15_s') in module '~fifo.video_fifo' has no destination
WARN  (PA1001) : Dangling net 'DO_14[12]'(source:'Equal.mem_Equal.mem_0_15_s') in module '~fifo.video_fifo' has no destination
WARN  (PA1001) : Dangling net 'DO_14[13]'(source:'Equal.mem_Equal.mem_0_15_s') in module '~fifo.video_fifo' has no destination
WARN  (PA1001) : Dangling net 'DO_14[14]'(source:'Equal.mem_Equal.mem_0_15_s') in module '~fifo.video_fifo' has no destination
WARN  (PA1001) : Dangling net 'DO_14[15]'(source:'Equal.mem_Equal.mem_0_15_s') in module '~fifo.video_fifo' has no destination
WARN  (PA1001) : Dangling net 'DO_14[16]'(source:'Equal.mem_Equal.mem_0_15_s') in module '~fifo.video_fifo' has no destination
WARN  (PA1001) : Dangling net 'DO_14[17]'(source:'Equal.mem_Equal.mem_0_15_s') in module '~fifo.video_fifo' has no destination
WARN  (PA1001) : Dangling net 'DO_14[18]'(source:'Equal.mem_Equal.mem_0_15_s') in module '~fifo.video_fifo' has no destination
WARN  (PA1001) : Dangling net 'DO_14[19]'(source:'Equal.mem_Equal.mem_0_15_s') in module '~fifo.video_fifo' has no destination
WARN  (PA1001) : Dangling net 'DO_14[20]'(source:'Equal.mem_Equal.mem_0_15_s') in module '~fifo.video_fifo' has no destination
WARN  (PA1001) : Dangling net 'DO_14[21]'(source:'Equal.mem_Equal.mem_0_15_s') in module '~fifo.video_fifo' has no destination
WARN  (PA1001) : Dangling net 'DO_14[22]'(source:'Equal.mem_Equal.mem_0_15_s') in module '~fifo.video_fifo' has no destination
WARN  (PA1001) : Dangling net 'DO_14[23]'(source:'Equal.mem_Equal.mem_0_15_s') in module '~fifo.video_fifo' has no destination
WARN  (PA1001) : Dangling net 'DO_14[24]'(source:'Equal.mem_Equal.mem_0_15_s') in module '~fifo.video_fifo' has no destination
WARN  (PA1001) : Dangling net 'DO_14[25]'(source:'Equal.mem_Equal.mem_0_15_s') in module '~fifo.video_fifo' has no destination
WARN  (PA1001) : Dangling net 'DO_14[26]'(source:'Equal.mem_Equal.mem_0_15_s') in module '~fifo.video_fifo' has no destination
WARN  (PA1001) : Dangling net 'DO_14[27]'(source:'Equal.mem_Equal.mem_0_15_s') in module '~fifo.video_fifo' has no destination
WARN  (PA1001) : Dangling net 'DO_14[28]'(source:'Equal.mem_Equal.mem_0_15_s') in module '~fifo.video_fifo' has no destination
WARN  (PA1001) : Dangling net 'DO_14[29]'(source:'Equal.mem_Equal.mem_0_15_s') in module '~fifo.video_fifo' has no destination
WARN  (PA1001) : Dangling net 'DO_14[30]'(source:'Equal.mem_Equal.mem_0_15_s') in module '~fifo.video_fifo' has no destination
WARN  (PA1001) : Dangling net 'DO_14[31]'(source:'Equal.mem_Equal.mem_0_15_s') in module '~fifo.video_fifo' has no destination
WARN  (PA1001) : Dangling net 'DO_15[3]'(source:'Equal.rq1_wptr_0_s14') in module '~fifo.video_fifo' has no destination
WARN  (PA1001) : Dangling net 'n149_1_SUM'(source:'n149_s0') in module '~fifo.video_fifo' has no destination
WARN  (PA1001) : Dangling net 'n150_1_SUM'(source:'n150_s0') in module '~fifo.video_fifo' has no destination
WARN  (PA1001) : Dangling net 'n151_1_SUM'(source:'n151_s0') in module '~fifo.video_fifo' has no destination
WARN  (PA1001) : Dangling net 'n152_1_SUM'(source:'n152_s0') in module '~fifo.video_fifo' has no destination
WARN  (PA1001) : Dangling net 'n153_1_SUM'(source:'n153_s0') in module '~fifo.video_fifo' has no destination
WARN  (PA1001) : Dangling net 'n154_1_SUM'(source:'n154_s0') in module '~fifo.video_fifo' has no destination
WARN  (PA1001) : Dangling net 'n155_1_SUM'(source:'n155_s0') in module '~fifo.video_fifo' has no destination
WARN  (PA1001) : Dangling net 'n156_1_SUM'(source:'n156_s0') in module '~fifo.video_fifo' has no destination
WARN  (PA1001) : Dangling net 'n157_1_SUM'(source:'n157_s0') in module '~fifo.video_fifo' has no destination
WARN  (PA1001) : Dangling net 'n158_1_SUM'(source:'n158_s0') in module '~fifo.video_fifo' has no destination
WARN  (PA1001) : Dangling net 'n159_1_SUM'(source:'n159_s0') in module '~fifo.video_fifo' has no destination
WARN  (PA1001) : Dangling net 'n160_1_SUM'(source:'n160_s0') in module '~fifo.video_fifo' has no destination
WARN  (PA1001) : Dangling net 'n161_1_SUM'(source:'n161_s0') in module '~fifo.video_fifo' has no destination
WARN  (PA1001) : Dangling net 'n162_1_SUM'(source:'n162_s0') in module '~fifo.video_fifo' has no destination
Processing netlist completed
Reading constraint file: "C:\Users\lee\Desktop\ov5640_480_272\src\top.cst"
Physical Constraint parsed completed
Running placement......
[10%] Placement Phase 0 completed
WARN  (PR2059) : Port "cmos_rst_n" has been placed to 
WARN  (PR2059) : Port "cmos_pwdn" has been placed to 
[20%] Placement Phase 1 completed
[30%] Placement Phase 2 completed
[50%] Placement Phase 3 completed
Running routing......
[60%] Routing Phase 0 completed
[70%] Routing Phase 1 completed
[80%] Routing Phase 2 completed
WARN  (PR1014) : Generic routing resource will be used to clock signal 'clk_out_d' by the specified constraint. And then it may lead to the excessive delay or skew
WARN  (PR1014) : Generic routing resource will be used to clock signal 'cmos_vsync_d' by the specified constraint. And then it may lead to the excessive delay or skew
WARN  (PR1014) : Generic routing resource will be used to clock signal 'cmos_pclk_d' by the specified constraint. And then it may lead to the excessive delay or skew
[90%] Routing Phase 3 completed
Running timing analysis......
[95%] Timing analysis completed
Placement and routing completed
Bitstream generation in progress......
Bitstream generation completed
Generate file "C:\Users\lee\Desktop\ov5640_480_272\impl\pnr\ov5640_480_272.pin.html" completed
Generate file "C:\Users\lee\Desktop\ov5640_480_272\impl\pnr\ov5640_480_272.rpt.html" completed
Generate file "C:\Users\lee\Desktop\ov5640_480_272\impl\pnr\ov5640_480_272.rpt.txt" completed
Generate file "C:\Users\lee\Desktop\ov5640_480_272\impl\pnr\ov5640_480_272.tr.html" completed
Thu Aug 17 12:39:01 2023

