Reading netlist file: "F:\TangPrimer-25K-example\pmod_lcd\impl\gwsynthesis\pmod_lcd.vg"
Parsing netlist file "F:\TangPrimer-25K-example\pmod_lcd\impl\gwsynthesis\pmod_lcd.vg" completed
Processing netlist completed
Reading constraint file: "F:\TangPrimer-25K-example\pmod_lcd\src\pmod_lcd.cst"
Physical Constraint parsed completed
Running placement......
[10%] Placement Phase 0 completed
[20%] Placement Phase 1 completed
[30%] Placement Phase 2 completed
[50%] Placement Phase 3 completed
Running routing......
[60%] Routing Phase 0 completed
[70%] Routing Phase 1 completed
[80%] Routing Phase 2 completed
[90%] Routing Phase 3 completed
Running timing analysis......
[95%] Timing analysis completed
Placement and routing completed
Bitstream generation in progress......
Bitstream generation completed
Generate file "F:\TangPrimer-25K-example\pmod_lcd\impl\pnr\pmod_lcd.pin.html" completed
Generate file "F:\TangPrimer-25K-example\pmod_lcd\impl\pnr\pmod_lcd.rpt.html" completed
Generate file "F:\TangPrimer-25K-example\pmod_lcd\impl\pnr\pmod_lcd.rpt.txt" completed
Generate file "F:\TangPrimer-25K-example\pmod_lcd\impl\pnr\pmod_lcd.tr.html" completed
Thu Aug 24 18:18:39 2023

