Reading netlist file: "F:\work\BaiduNetdiskWorkspace\verilog_Code\pmod_ledButtonNixietube\impl\gwsynthesis\pmod_ledButtonNixietube.vg"
Parsing netlist file "F:\work\BaiduNetdiskWorkspace\verilog_Code\pmod_ledButtonNixietube\impl\gwsynthesis\pmod_ledButtonNixietube.vg" completed
Processing netlist completed
Reading constraint file: "F:\work\BaiduNetdiskWorkspace\verilog_Code\pmod_ledButtonNixietube\src\pmod_ledButtonNixietube.cst"
Physical Constraint parsed completed
Running placement......
[10%] Placement Phase 0 completed
[20%] Placement Phase 1 completed
[30%] Placement Phase 2 completed
[50%] Placement Phase 3 completed
Running routing......
[60%] Routing Phase 0 completed
[70%] Routing Phase 1 completed
[80%] Routing Phase 2 completed
[90%] Routing Phase 3 completed
Running timing analysis......
[95%] Timing analysis completed
Placement and routing completed
Bitstream generation in progress......
Bitstream generation completed
Generate file "F:\work\BaiduNetdiskWorkspace\verilog_Code\pmod_ledButtonNixietube\impl\pnr\pmod_ledButtonNixietube.pin.html" completed
Generate file "F:\work\BaiduNetdiskWorkspace\verilog_Code\pmod_ledButtonNixietube\impl\pnr\pmod_ledButtonNixietube.rpt.html" completed
Generate file "F:\work\BaiduNetdiskWorkspace\verilog_Code\pmod_ledButtonNixietube\impl\pnr\pmod_ledButtonNixietube.rpt.txt" completed
Generate file "F:\work\BaiduNetdiskWorkspace\verilog_Code\pmod_ledButtonNixietube\impl\pnr\pmod_ledButtonNixietube.tr.html" completed
Sat Oct 28 17:18:03 2023

