Reading netlist file: "F:\TangPrimer-25K-example\hdmi\svo\impl\gwsynthesis\hdmi.vg"
Parsing netlist file "F:\TangPrimer-25K-example\hdmi\svo\impl\gwsynthesis\hdmi.vg" completed
Processing netlist completed
Reading constraint file: "F:\TangPrimer-25K-example\hdmi\svo\src\hdmi.cst"
Physical Constraint parsed completed
Running placement......
[10%] Placement Phase 0 completed
[20%] Placement Phase 1 completed
[30%] Placement Phase 2 completed
[50%] Placement Phase 3 completed
Running routing......
[60%] Routing Phase 0 completed
[70%] Routing Phase 1 completed
[80%] Routing Phase 2 completed
[90%] Routing Phase 3 completed
Running timing analysis......
[95%] Timing analysis completed
Placement and routing completed
Bitstream generation in progress......
Bitstream generation completed
Generate file "F:\TangPrimer-25K-example\hdmi\svo\impl\pnr\hdmi.pin.html" completed
Generate file "F:\TangPrimer-25K-example\hdmi\svo\impl\pnr\hdmi.rpt.html" completed
Generate file "F:\TangPrimer-25K-example\hdmi\svo\impl\pnr\hdmi.rpt.txt" completed
Generate file "F:\TangPrimer-25K-example\hdmi\svo\impl\pnr\hdmi.tr.html" completed
Thu Aug 31 10:33:13 2023

