GowinSynthesis start
Running parser ...
Analyzing Verilog file 'F:\TangPrimer-25K-example\hdmi\svo\src\gowin_pll\gowin_pll.v'
Analyzing Verilog file 'F:\TangPrimer-25K-example\hdmi\svo\src\hdmi\svo_defines.vh'
Analyzing Verilog file 'F:\TangPrimer-25K-example\hdmi\svo\src\hdmi\svo_enc.v'
Analyzing included file 'F:\TangPrimer-25K-example\hdmi\svo\src\hdmi\svo_defines.vh'("F:\TangPrimer-25K-example\hdmi\svo\src\hdmi\svo_enc.v":21)
Back to file 'F:\TangPrimer-25K-example\hdmi\svo\src\hdmi\svo_enc.v'("F:\TangPrimer-25K-example\hdmi\svo\src\hdmi\svo_enc.v":21)
Analyzing Verilog file 'F:\TangPrimer-25K-example\hdmi\svo\src\hdmi\svo_openldi.v'
Analyzing included file 'F:\TangPrimer-25K-example\hdmi\svo\src\hdmi\svo_defines.vh'("F:\TangPrimer-25K-example\hdmi\svo\src\hdmi\svo_openldi.v":21)
Back to file 'F:\TangPrimer-25K-example\hdmi\svo\src\hdmi\svo_openldi.v'("F:\TangPrimer-25K-example\hdmi\svo\src\hdmi\svo_openldi.v":21)
Analyzing Verilog file 'F:\TangPrimer-25K-example\hdmi\svo\src\hdmi\svo_tcard.v'
Analyzing included file 'F:\TangPrimer-25K-example\hdmi\svo\src\hdmi\svo_defines.vh'("F:\TangPrimer-25K-example\hdmi\svo\src\hdmi\svo_tcard.v":21)
Back to file 'F:\TangPrimer-25K-example\hdmi\svo\src\hdmi\svo_tcard.v'("F:\TangPrimer-25K-example\hdmi\svo\src\hdmi\svo_tcard.v":21)
Analyzing Verilog file 'F:\TangPrimer-25K-example\hdmi\svo\src\hdmi\svo_term.v'
Analyzing included file 'F:\TangPrimer-25K-example\hdmi\svo\src\hdmi\svo_defines.vh'("F:\TangPrimer-25K-example\hdmi\svo\src\hdmi\svo_term.v":21)
Back to file 'F:\TangPrimer-25K-example\hdmi\svo\src\hdmi\svo_term.v'("F:\TangPrimer-25K-example\hdmi\svo\src\hdmi\svo_term.v":21)
Analyzing Verilog file 'F:\TangPrimer-25K-example\hdmi\svo\src\hdmi\svo_tmds.v'
Analyzing included file 'F:\TangPrimer-25K-example\hdmi\svo\src\hdmi\svo_defines.vh'("F:\TangPrimer-25K-example\hdmi\svo\src\hdmi\svo_tmds.v":21)
Back to file 'F:\TangPrimer-25K-example\hdmi\svo\src\hdmi\svo_tmds.v'("F:\TangPrimer-25K-example\hdmi\svo\src\hdmi\svo_tmds.v":21)
Analyzing Verilog file 'F:\TangPrimer-25K-example\hdmi\svo\src\hdmi\svo_utils.v'
Analyzing included file 'F:\TangPrimer-25K-example\hdmi\svo\src\hdmi\svo_defines.vh'("F:\TangPrimer-25K-example\hdmi\svo\src\hdmi\svo_utils.v":21)
Back to file 'F:\TangPrimer-25K-example\hdmi\svo\src\hdmi\svo_utils.v'("F:\TangPrimer-25K-example\hdmi\svo\src\hdmi\svo_utils.v":21)
Analyzing Verilog file 'F:\TangPrimer-25K-example\hdmi\svo\src\hdmi\svo_vdma.v'
Analyzing included file 'F:\TangPrimer-25K-example\hdmi\svo\src\hdmi\svo_defines.vh'("F:\TangPrimer-25K-example\hdmi\svo\src\hdmi\svo_vdma.v":21)
Back to file 'F:\TangPrimer-25K-example\hdmi\svo\src\hdmi\svo_vdma.v'("F:\TangPrimer-25K-example\hdmi\svo\src\hdmi\svo_vdma.v":21)
Analyzing Verilog file 'F:\TangPrimer-25K-example\hdmi\svo\src\svo_hdmi.v'
Analyzing included file 'F:\TangPrimer-25K-example\hdmi\svo\src\hdmi\svo_defines.vh'("F:\TangPrimer-25K-example\hdmi\svo\src\svo_hdmi.v":21)
Back to file 'F:\TangPrimer-25K-example\hdmi\svo\src\svo_hdmi.v'("F:\TangPrimer-25K-example\hdmi\svo\src\svo_hdmi.v":21)
Analyzing Verilog file 'F:\TangPrimer-25K-example\hdmi\svo\src\top.v'
Undeclared symbol 'pll_lock', assumed default net type 'wire'("F:\TangPrimer-25K-example\hdmi\svo\src\top.v":24)
Undeclared symbol 'clk_p5', assumed default net type 'wire'("F:\TangPrimer-25K-example\hdmi\svo\src\top.v":25)
Undeclared symbol 'clk_p', assumed default net type 'wire'("F:\TangPrimer-25K-example\hdmi\svo\src\top.v":30)
Undeclared symbol 'sys_resetn', assumed default net type 'wire'("F:\TangPrimer-25K-example\hdmi\svo\src\top.v":42)
Analyzing Verilog file 'F:\TangPrimer-25K-example\hdmi\svo\src\gowin_clkdiv\gowin_clkdiv.v'
Analyzing Verilog file 'F:\TangPrimer-25K-example\hdmi\svo\src\hdmi\svo_pong.v'
Analyzing included file 'F:\TangPrimer-25K-example\hdmi\svo\src\hdmi\svo_defines.vh'("F:\TangPrimer-25K-example\hdmi\svo\src\hdmi\svo_pong.v":21)
Back to file 'F:\TangPrimer-25K-example\hdmi\svo\src\hdmi\svo_pong.v'("F:\TangPrimer-25K-example\hdmi\svo\src\hdmi\svo_pong.v":21)
Compiling module 'top'("F:\TangPrimer-25K-example\hdmi\svo\src\top.v":1)
Compiling module 'Gowin_PLL'("F:\TangPrimer-25K-example\hdmi\svo\src\gowin_pll\gowin_pll.v":10)
Compiling module 'Gowin_CLKDIV'("F:\TangPrimer-25K-example\hdmi\svo\src\gowin_clkdiv\gowin_clkdiv.v":10)
Compiling module 'Reset_Sync'("F:\TangPrimer-25K-example\hdmi\svo\src\top.v":109)
Compiling module 'svo_hdmi'("F:\TangPrimer-25K-example\hdmi\svo\src\svo_hdmi.v":23)
WARN  (EX3791) : Expression size 5 truncated to fit in target size 4("F:\TangPrimer-25K-example\hdmi\svo\src\svo_hdmi.v":86)
WARN  (EX3791) : Expression size 5 truncated to fit in target size 4("F:\TangPrimer-25K-example\hdmi\svo\src\svo_hdmi.v":89)
Compiling module 'svo_tcard(SVO_MODE="1920x1080")'("F:\TangPrimer-25K-example\hdmi\svo\src\hdmi\svo_tcard.v":23)
WARN  (EX3045) : Case equality operator always evaluates to false due to comparison with 'x' or 'z'("F:\TangPrimer-25K-example\hdmi\svo\src\hdmi\svo_tcard.v":33)
WARN  (EX3791) : Expression size 32 truncated to fit in target size 24("F:\TangPrimer-25K-example\hdmi\svo\src\hdmi\svo_tcard.v":237)
WARN  (EX3791) : Expression size 15 truncated to fit in target size 14("F:\TangPrimer-25K-example\hdmi\svo\src\hdmi\svo_tcard.v":251)
WARN  (EX3791) : Expression size 10 truncated to fit in target size 9("F:\TangPrimer-25K-example\hdmi\svo\src\hdmi\svo_tcard.v":253)
WARN  (EX3791) : Expression size 6 truncated to fit in target size 5("F:\TangPrimer-25K-example\hdmi\svo\src\hdmi\svo_tcard.v":254)
WARN  (EX3791) : Expression size 15 truncated to fit in target size 14("F:\TangPrimer-25K-example\hdmi\svo\src\hdmi\svo_tcard.v":257)
WARN  (EX3791) : Expression size 10 truncated to fit in target size 9("F:\TangPrimer-25K-example\hdmi\svo\src\hdmi\svo_tcard.v":259)
WARN  (EX3791) : Expression size 6 truncated to fit in target size 5("F:\TangPrimer-25K-example\hdmi\svo\src\hdmi\svo_tcard.v":260)
Compiling module 'svo_enc(SVO_MODE="1920x1080")'("F:\TangPrimer-25K-example\hdmi\svo\src\hdmi\svo_enc.v":23)
Extracting RAM for identifier 'ctrl_fifo'("F:\TangPrimer-25K-example\hdmi\svo\src\hdmi\svo_enc.v":48)
Extracting RAM for identifier 'pixel_fifo'("F:\TangPrimer-25K-example\hdmi\svo\src\hdmi\svo_enc.v":51)
Extracting RAM for identifier 'out_fifo'("F:\TangPrimer-25K-example\hdmi\svo\src\hdmi\svo_enc.v":54)
WARN  (EX3045) : Case equality operator always evaluates to false due to comparison with 'x' or 'z'("F:\TangPrimer-25K-example\hdmi\svo\src\hdmi\svo_enc.v":43)
WARN  (EX3791) : Expression size 3 truncated to fit in target size 2("F:\TangPrimer-25K-example\hdmi\svo\src\hdmi\svo_enc.v":92)
WARN  (EX3791) : Expression size 15 truncated to fit in target size 14("F:\TangPrimer-25K-example\hdmi\svo\src\hdmi\svo_enc.v":96)
WARN  (EX3791) : Expression size 15 truncated to fit in target size 14("F:\TangPrimer-25K-example\hdmi\svo\src\hdmi\svo_enc.v":98)
WARN  (EX3791) : Expression size 4 truncated to fit in target size 3("F:\TangPrimer-25K-example\hdmi\svo\src\hdmi\svo_enc.v":110)
WARN  (EX3791) : Expression size 4 truncated to fit in target size 3("F:\TangPrimer-25K-example\hdmi\svo\src\hdmi\svo_enc.v":125)
WARN  (EX3791) : Expression size 3 truncated to fit in target size 2("F:\TangPrimer-25K-example\hdmi\svo\src\hdmi\svo_enc.v":129)
WARN  (EX3791) : Expression size 3 truncated to fit in target size 2("F:\TangPrimer-25K-example\hdmi\svo\src\hdmi\svo_enc.v":130)
WARN  (EX3791) : Expression size 3 truncated to fit in target size 2("F:\TangPrimer-25K-example\hdmi\svo\src\hdmi\svo_enc.v":133)
WARN  (EX3791) : Expression size 3 truncated to fit in target size 2("F:\TangPrimer-25K-example\hdmi\svo\src\hdmi\svo_enc.v":134)
WARN  (EX3791) : Expression size 4 truncated to fit in target size 3("F:\TangPrimer-25K-example\hdmi\svo\src\hdmi\svo_enc.v":135)
WARN  (EX3791) : Expression size 3 truncated to fit in target size 2("F:\TangPrimer-25K-example\hdmi\svo\src\hdmi\svo_enc.v":155)
WARN  (EX3791) : Expression size 3 truncated to fit in target size 2("F:\TangPrimer-25K-example\hdmi\svo\src\hdmi\svo_enc.v":159)
Compiling module 'svo_tmds'("F:\TangPrimer-25K-example\hdmi\svo\src\hdmi\svo_tmds.v":23)
WARN  (EX3791) : Expression size 25 truncated to fit in target size 24("F:\TangPrimer-25K-example\hdmi\svo\src\top.v":102)
NOTE  (EX0101) : Current top module is "top"
[5%] Running netlist conversion ...
Running device independent optimization ...
[10%] Optimizing Phase 0 completed
[15%] Optimizing Phase 1 completed
[25%] Optimizing Phase 2 completed
Running inference ...
[30%] Inferring Phase 0 completed
[40%] Inferring Phase 1 completed
[50%] Inferring Phase 2 completed
[55%] Inferring Phase 3 completed
Running technical mapping ...
[60%] Tech-Mapping Phase 0 completed
[65%] Tech-Mapping Phase 1 completed
[75%] Tech-Mapping Phase 2 completed
[80%] Tech-Mapping Phase 3 completed
[90%] Tech-Mapping Phase 4 completed
[95%] Generate netlist file "F:\TangPrimer-25K-example\hdmi\svo\impl\gwsynthesis\hdmi.vg" completed
[100%] Generate report file "F:\TangPrimer-25K-example\hdmi\svo\impl\gwsynthesis\hdmi_syn.rpt.html" completed
GowinSynthesis finish
