GowinSynthesis start
Running parser ...
Analyzing Verilog file 'H:\Gowin\Gowin_V1.9.9Beta-5\IDE\data\ipcores\GAO\GW_AO_0\gw_ao_crc32.v'
Analyzing Verilog file 'H:\Gowin\Gowin_V1.9.9Beta-5\IDE\data\ipcores\GAO\GW_AO_0\gw_ao_match.v'
Analyzing included file 'H:\Gowin\Gowin_V1.9.9Beta-5\IDE\data\ipcores\GAO\GW_AO_0\gw_ao_define.v'("H:\Gowin\Gowin_V1.9.9Beta-5\IDE\data\ipcores\GAO\GW_AO_0\gw_ao_match.v":327)
Back to file 'H:\Gowin\Gowin_V1.9.9Beta-5\IDE\data\ipcores\GAO\GW_AO_0\gw_ao_match.v'("H:\Gowin\Gowin_V1.9.9Beta-5\IDE\data\ipcores\GAO\GW_AO_0\gw_ao_match.v":327)
Analyzing Verilog file 'H:\Gowin\Gowin_V1.9.9Beta-5\IDE\data\ipcores\GAO\GW_AO_0\gw_ao_mem_ctrl.v'
Analyzing included file 'ao_0\gw_ao_top_define.v'("H:\Gowin\Gowin_V1.9.9Beta-5\IDE\data\ipcores\GAO\GW_AO_0\gw_ao_mem_ctrl.v":150)
Back to file 'H:\Gowin\Gowin_V1.9.9Beta-5\IDE\data\ipcores\GAO\GW_AO_0\gw_ao_mem_ctrl.v'("H:\Gowin\Gowin_V1.9.9Beta-5\IDE\data\ipcores\GAO\GW_AO_0\gw_ao_mem_ctrl.v":150)
Analyzing Verilog file 'H:\Gowin\Gowin_V1.9.9Beta-5\IDE\data\ipcores\GAO\GW_AO_0\gw_ao_top.v'
Analyzing included file 'H:\Gowin\Gowin_V1.9.9Beta-5\IDE\data\ipcores\GAO\GW_AO_0\gw_ao_define.v'("H:\Gowin\Gowin_V1.9.9Beta-5\IDE\data\ipcores\GAO\GW_AO_0\gw_ao_top.v":2738)
Back to file 'H:\Gowin\Gowin_V1.9.9Beta-5\IDE\data\ipcores\GAO\GW_AO_0\gw_ao_top.v'("H:\Gowin\Gowin_V1.9.9Beta-5\IDE\data\ipcores\GAO\GW_AO_0\gw_ao_top.v":2738)
Analyzing included file 'ao_0\gw_ao_top_define.v'("H:\Gowin\Gowin_V1.9.9Beta-5\IDE\data\ipcores\GAO\GW_AO_0\gw_ao_top.v":2738)
Back to file 'H:\Gowin\Gowin_V1.9.9Beta-5\IDE\data\ipcores\GAO\GW_AO_0\gw_ao_top.v'("H:\Gowin\Gowin_V1.9.9Beta-5\IDE\data\ipcores\GAO\GW_AO_0\gw_ao_top.v":2738)
Analyzing included file 'ao_0\gw_ao_expression.v'("H:\Gowin\Gowin_V1.9.9Beta-5\IDE\data\ipcores\GAO\GW_AO_0\gw_ao_top.v":2738)
Back to file 'H:\Gowin\Gowin_V1.9.9Beta-5\IDE\data\ipcores\GAO\GW_AO_0\gw_ao_top.v'("H:\Gowin\Gowin_V1.9.9Beta-5\IDE\data\ipcores\GAO\GW_AO_0\gw_ao_top.v":2738)
Analyzing included file 'ao_0\gw_ao_parameter.v'("H:\Gowin\Gowin_V1.9.9Beta-5\IDE\data\ipcores\GAO\GW_AO_0\gw_ao_top.v":2738)
Back to file 'H:\Gowin\Gowin_V1.9.9Beta-5\IDE\data\ipcores\GAO\GW_AO_0\gw_ao_top.v'("H:\Gowin\Gowin_V1.9.9Beta-5\IDE\data\ipcores\GAO\GW_AO_0\gw_ao_top.v":2738)
Analyzing Verilog file 'H:\Gowin\Gowin_V1.9.9Beta-5\IDE\data\ipcores\GAO\GW_CON\gw_con_top.v'
Analyzing included file 'ao_control\gw_con_top_define.v'("H:\Gowin\Gowin_V1.9.9Beta-5\IDE\data\ipcores\GAO\GW_CON\gw_con_top.v":377)
Back to file 'H:\Gowin\Gowin_V1.9.9Beta-5\IDE\data\ipcores\GAO\GW_CON\gw_con_top.v'("H:\Gowin\Gowin_V1.9.9Beta-5\IDE\data\ipcores\GAO\GW_CON\gw_con_top.v":377)
Analyzing included file 'ao_control\gw_con_parameter.v'("H:\Gowin\Gowin_V1.9.9Beta-5\IDE\data\ipcores\GAO\GW_CON\gw_con_top.v":377)
Back to file 'H:\Gowin\Gowin_V1.9.9Beta-5\IDE\data\ipcores\GAO\GW_CON\gw_con_top.v'("H:\Gowin\Gowin_V1.9.9Beta-5\IDE\data\ipcores\GAO\GW_CON\gw_con_top.v":377)
Analyzing Verilog file 'H:\Gowin\Gowin_V1.9.9Beta-5\IDE\data\ipcores\gw_jtag.v'
Analyzing Verilog file 'H:\nestang\nestang-master-25k\impl\gao\gw_gao_top.v'
Compiling module 'gw_gao'("H:\nestang\nestang-master-25k\impl\gao\gw_gao_top.v":1)
Compiling module 'GW_JTAG'("H:\Gowin\Gowin_V1.9.9Beta-5\IDE\data\ipcores\gw_jtag.v":1)
Compiling module '**'("H:\Gowin\Gowin_V1.9.9Beta-5\IDE\data\ipcores\GAO\GW_CON\gw_con_top.v":0)
Compiling module '**'("H:\Gowin\Gowin_V1.9.9Beta-5\IDE\data\ipcores\GAO\GW_AO_0\gw_ao_top.v":0)
Compiling module '**'("H:\Gowin\Gowin_V1.9.9Beta-5\IDE\data\ipcores\GAO\GW_AO_0\gw_ao_mem_ctrl.v":0)
Extracting RAM for identifier '**'("H:\Gowin\Gowin_V1.9.9Beta-5\IDE\data\ipcores\GAO\GW_AO_0\gw_ao_mem_ctrl.v":0)
Compiling module '**'("H:\Gowin\Gowin_V1.9.9Beta-5\IDE\data\ipcores\GAO\GW_AO_0\gw_ao_crc32.v":0)
Compiling module '**'("H:\Gowin\Gowin_V1.9.9Beta-5\IDE\data\ipcores\GAO\GW_AO_0\gw_ao_match.v":0)
WARN  (EX3791) : Expression size ** truncated to fit in target size **("H:\Gowin\Gowin_V1.9.9Beta-5\IDE\data\ipcores\GAO\GW_AO_0\gw_ao_top.v":0)
Compiling module '**'("H:\Gowin\Gowin_V1.9.9Beta-5\IDE\data\ipcores\GAO\GW_AO_0\gw_ao_top.v":0)
Extracting RAM for identifier '**'("H:\Gowin\Gowin_V1.9.9Beta-5\IDE\data\ipcores\GAO\GW_AO_0\gw_ao_top.v":0)
NOTE  (EX0101) : Current top module is "gw_gao"
[5%] Running netlist conversion ...
Running device independent optimization ...
[10%] Optimizing Phase 0 completed
[15%] Optimizing Phase 1 completed
[25%] Optimizing Phase 2 completed
Running inference ...
[30%] Inferring Phase 0 completed
[40%] Inferring Phase 1 completed
[50%] Inferring Phase 2 completed
[55%] Inferring Phase 3 completed
Running technical mapping ...
[60%] Tech-Mapping Phase 0 completed
[65%] Tech-Mapping Phase 1 completed
[75%] Tech-Mapping Phase 2 completed
[80%] Tech-Mapping Phase 3 completed
[90%] Tech-Mapping Phase 4 completed
[95%] Generate netlist file "H:\nestang\nestang-master-25k\impl\gao\gao.v" completed
[100%] Generate report file "H:\nestang\nestang-master-25k\impl\gao\gao_syn.rpt.html" completed
GowinSynthesis finish
