Reading netlist file: "F:\work\BaiduNetdiskWorkspace\verilog_Code\pmod_digitalTube-2bit\impl\gwsynthesis\pmod_digitalTube-2bit.vg"
Parsing netlist file "F:\work\BaiduNetdiskWorkspace\verilog_Code\pmod_digitalTube-2bit\impl\gwsynthesis\pmod_digitalTube-2bit.vg" completed
Processing netlist completed
Reading constraint file: "F:\work\BaiduNetdiskWorkspace\verilog_Code\pmod_digitalTube-2bit\src\pmod_digitalTube-2bit.cst"
Physical Constraint parsed completed
Running placement......
[10%] Placement Phase 0 completed
[20%] Placement Phase 1 completed
[30%] Placement Phase 2 completed
[50%] Placement Phase 3 completed
Running routing......
[60%] Routing Phase 0 completed
[70%] Routing Phase 1 completed
[80%] Routing Phase 2 completed
[90%] Routing Phase 3 completed
Running timing analysis......
[95%] Timing analysis completed
Placement and routing completed
Bitstream generation in progress......
Bitstream generation completed
Generate file "F:\work\BaiduNetdiskWorkspace\verilog_Code\pmod_digitalTube-2bit\impl\pnr\pmod_digitalTube-2bit.pin.html" completed
Generate file "F:\work\BaiduNetdiskWorkspace\verilog_Code\pmod_digitalTube-2bit\impl\pnr\pmod_digitalTube-2bit.rpt.html" completed
Generate file "F:\work\BaiduNetdiskWorkspace\verilog_Code\pmod_digitalTube-2bit\impl\pnr\pmod_digitalTube-2bit.rpt.txt" completed
Generate file "F:\work\BaiduNetdiskWorkspace\verilog_Code\pmod_digitalTube-2bit\impl\pnr\pmod_digitalTube-2bit.tr.html" completed
Tue Oct 31 21:09:36 2023

